=========================================
               VMC RUN LOG               
=========================================
Date and time    : 2026-05-15 21:07:20
-----------------------------------------
[ SYSTEM & MODELS ]
Hamiltonian      : CoulombHO
WF Train Type    : EllipticGaussian
WaveFunction     : NN_envelope
Solver           : MetropolisHastings
preferAnalytic   : false
useCache         : false
-----------------------------------------
[ PHYSICAL PARAMETERS ]
dimensions (D)   : 2
particles (N)    : 2
omega            : 1
omega_z          : 2.8243
rep_a_factor     : 0.0043
rep_strength     : inf
maxStrength      : 1
-----------------------------------------
[ MONTE CARLO & OPTIMIZATION ]
time Step        : 0.15
Equilibr. Steps  : 10000
BFGS MC Steps    : 10000
BFGS_tol         : 1e-05
Final MC Steps   : 2^16 (65536)
-----------------------------------------
[ NEURAL NETWORK ]
Nhid             : 10
Activation Func  : gelu
Learning Rate    : 0.05
Pretrain Steps   : 200
Energy Steps     : 250
Adiab Steps      : 100
Adam_ktol        : 0.99
helpDecay        : 0.4
-----------------------------------------
[ OBSERVABLES & MISC ]
1bodyDens. Steps : 100000
1bodyDens. rMax  : 3.5
1bodyDens. nBins : 50
Seed             : 592775471
=========================================

Initial parameters for psi_train: 0.5, 	2.8243, 	
Optimal parameters: 0.30868983, 	1.58014531, 	-0.0430213416, 	-0.657034699, 	0.449558282, 	-0.154528257, 	0.299065521, 	0.0554652864, 	-0.404179246, 	0.745172329, 	0.11782925, 	-0.738586115, 	0.956284519, 	-0.319071173, 	-0.0226120095, 	-0.000817969169, 	0.0425366523, 	-0.660135171, 	-0.0533376001, 	2.12888077, 	1.58941686, 	-1.60947943, 	0.0289575651, 	0.647519222, 	-0.0544180508, 	-0.881877855, 	-0.215992322, 	-0.0562087296, 	-0.644977028, 	-0.739860338, 	-0.69194114, 	0.715509143, 	0.0731789683, 	0.27932505, 	-0.15462173, 	0.36707863, 	0.243045142, 	0.0537957235, 	-1.04882612, 	-2.09471292, 	-2.69171738, 	0.00803490378, 	-0.699055724, 	-2.28119958, 	0.268162711, 	-0.169181317, 	-2.24458228, 	-1.29163276, 	0.129277354, 	0.0277621412, 	-0.110317647, 	0.291549881, 	-0.436178168, 	-1.17360359, 	-0.901774148, 	-0.336096396, 	3.20958883, 	-0.826519153, 	-0.218294524, 	0.214930654, 	
NN_VMC Optimization done (in 1345.29242 s).

FinalMC energy: 3.340827408e+00 +- 2.796225298e-02
Acceptance ratio: 9.735870361e-01
FinalMC done (in 29.2506172 s).

Blocking energy: 3.340827441e+00 +- 2.913273059e-02
Blocking analysis done (in 0.009247321 s).

One-body density done (in 19.9797008 s).

=========================================
