=========================================
               VMC RUN LOG               
=========================================
Date and time    : 2026-05-16 21:58:43
-----------------------------------------
[ SYSTEM & MODELS ]
Hamiltonian      : CoulombHO
WF Train Type    : EllipticGaussian
WaveFunction     : NN_envelope
Solver           : MetropolisHastings
preferAnalytic   : false
useCache         : false
-----------------------------------------
[ PHYSICAL PARAMETERS ]
dimensions (D)   : 2
particles (N)    : 2
omega            : 1
omega_z          : 2.8243
rep_a_factor     : 0.0043
rep_strength     : inf
maxStrength      : 1
-----------------------------------------
[ MONTE CARLO & OPTIMIZATION ]
time Step        : 0.15
Equilibr. Steps  : 10000
BFGS MC Steps    : 10000
BFGS_tol         : 1e-05
Final MC Steps   : 2^16 (65536)
-----------------------------------------
[ NEURAL NETWORK ]
Nhid             : 12
Activation Func  : tanh
Learning Rate    : 0.05
Pretrain Steps   : 1000
Energy Steps     : 7000
Adiab Steps      : 1000
Adam_ktol        : 0.99
max_patience     : 80
min_improvement  : 0.05
helpDecay        : 0.4
-----------------------------------------
[ OBSERVABLES & MISC ]
1bodyDens. Steps : 100000
1bodyDens. rMax  : 3.5
1bodyDens. nBins : 50
Seed             : 0
=========================================

Initial parameters for psi_train: 0.5, 	2.8243, 	
