=========================================
               VMC RUN LOG               
=========================================
Date and time    : 2026-05-11 21:24:30
-----------------------------------------
Hamiltonian      : RepulsiveHO
WaveFunction     : EllipticGaussian
Solver           : MetropolisHastings
-----------------------------------------
preferAnalytic   : false
dimensions (D)   : 3
particles (N)    : 2
omega            : 1
omega_z          : 2.8243
rep_a_factor     : 0.0043
time Step        : 0.15
Equilibr. Steps  : 10000
BFGS MC Steps    : 5000
Final MC Steps   : 2^23
1bodyDens. Steps : 10000000
1bodyDens. rMax  : 3.5
1bodyDens. nBins : 50
BFGS_tol         : 1e-05
Seed             : -1080305492
=========================================

Initial parameters for psi_train: 0.5, 	2.8243, 	
