=========================================
               VMC RUN LOG               
=========================================
Date and time    : 2026-05-15 23:05:29
-----------------------------------------
[ SYSTEM & MODELS ]
Hamiltonian      : CoulombHO
WF Train Type    : EllipticGaussian
WaveFunction     : NN_envelope
Solver           : MetropolisHastings
preferAnalytic   : false
useCache         : false
-----------------------------------------
[ PHYSICAL PARAMETERS ]
dimensions (D)   : 3
particles (N)    : 3
omega            : 1
omega_z          : 2.8243
rep_a_factor     : 0.0043
rep_strength     : inf
maxStrength      : 1
-----------------------------------------
[ MONTE CARLO & OPTIMIZATION ]
time Step        : 0.15
Equilibr. Steps  : 10000
BFGS MC Steps    : 10000
BFGS_tol         : 1e-05
Final MC Steps   : 2^16 (65536)
-----------------------------------------
[ NEURAL NETWORK ]
Nhid             : 16
Activation Func  : tanh
Learning Rate    : 0.05
Pretrain Steps   : 200
Energy Steps     : 300
Adiab Steps      : 100
Adam_ktol        : 0.99
helpDecay        : 0.4
-----------------------------------------
[ OBSERVABLES & MISC ]
1bodyDens. Steps : 100000
1bodyDens. rMax  : 3.5
1bodyDens. nBins : 50
Seed             : -979793596
=========================================

Initial parameters for psi_train: 0.5, 	2.8243, 	
Optimal parameters: 0.0243772185, 	1.37988258, 	-0.649051524, 	0.0647359457, 	0.0210059324, 	-0.365060758, 	0.379752428, 	0.154659955, 	0.00939014965, 	0.0212830629, 	-0.198412591, 	-0.0383650183, 	-0.345545524, 	0.0328361683, 	0.0297442778, 	0.00414797725, 	0.0436169264, 	-0.600769936, 	-0.914599317, 	-0.0418508765, 	0.118714214, 	0.780557299, 	-0.161686559, 	-0.0953482115, 	-0.215229256, 	-0.148295878, 	-1.04307611, 	0.0856762218, 	-0.291217357, 	-0.110848793, 	-0.0521278317, 	0.0845952205, 	-1.194769, 	-0.0746093515, 	0.0416443825, 	0.0569933773, 	-0.000439234351, 	-0.157615202, 	-0.0991425653, 	-0.0367406614, 	-0.132056086, 	-0.133748572, 	-0.0327347092, 	-1.01537932, 	-0.267995738, 	0.0487944014, 	-0.7292037, 	0.967294598, 	-0.0177404041, 	2.02734079, 	0.570522813, 	0.607260165, 	-0.0197832771, 	-1.63999661, 	0.439280689, 	-1.05914076, 	0.0269310775, 	-0.0173473872, 	-0.0389266947, 	-0.00430107971, 	-0.276053088, 	-0.00124758402, 	-0.0202222469, 	0.00186721075, 	0.0655110351, 	0.0981776611, 	0.903659526, 	-0.81462551, 	0.108417506, 	-0.914028651, 	-0.124688524, 	-0.127865505, 	-0.20359661, 	-0.163885792, 	-0.0375540392, 	0.0898618259, 	-0.187090594, 	-0.0837560786, 	-0.0647087662, 	0.0346960335, 	0.44729589, 	-1.32285583, 	0.0694168638, 	0.0751914281, 	0.376833376, 	1.21567709, 	-0.268218902, 	0.0368594382, 	1.30760372, 	1.1008195, 	0.0166911759, 	0.38858799, 	-0.324552756, 	-0.334338346, 	-0.686090278, 	0.870481215, 	-0.0355413514, 	2.62880331, 	0.0314171467, 	-0.681057274, 	-0.0526055727, 	-1.00443646, 	0.461530859, 	0.947259459, 	0.0208647011, 	-0.0100939748, 	0.257724827, 	0.0217242402, 	-0.320876501, 	-0.00471585456, 	-0.00684454482, 	-0.0251664953, 	0.0902791041, 	-1.00367088, 	0.0671023654, 	0.828161862, 	0.154118374, 	0.873857811, 	-0.156301364, 	0.247900971, 	-0.191616158, 	-0.135955427, 	1.07715176, 	0.0415891031, 	-0.286263763, 	-0.0804937444, 	-0.0364150588, 	0.110073386, 	-0.594451558, 	0.780945543, 	-0.0138662387, 	-0.104255671, 	1.22607888, 	0.141021258, 	0.200857286, 	-0.044567362, 	0.31904112, 	0.300975791, 	0.0426223545, 	-0.49380436, 	0.308273287, 	-1.04844382, 	0.416681897, 	-0.587108199, 	-1.71289861, 	0.0865744303, 	1.17300178, 	1.14928343, 	-1.69942488, 	-0.384819397, 	1.32285138, 	1.10405885, 	1.8508778, 	-1.53469065, 	-1.16108985, 	1.51054352, 	1.17833956, 	-1.58961893, 	-1.47641838, 	-1.89337994, 	-1.18150335, 	0.0244153708, 	-0.293177634, 	-0.31137551, 	-1.27237654, 	-0.0134259974, 	0.458152398, 	-0.276577121, 	0.950296919, 	-1.40874191, 	0.299696087, 	1.78966617, 	0.433262372, 	-1.86790085, 	-1.94074532, 	-1.20092387, 	
NN_VMC Optimization done (in 2283.06888 s).

FinalMC energy: 9.774622474e+00 +- 3.425920213e-03
Acceptance ratio: 9.406433105e-01
FinalMC done (in 48.7358296 s).

Blocking energy: 9.774622506e+00 +- 7.787016873e-03
Blocking analysis done (in 0.008432391 s).

One-body density done (in 13.7564391 s).

=========================================
