=========================================
               VMC RUN LOG               
=========================================
Date and time    : 2026-05-19 16:36:00
-----------------------------------------
[ SYSTEM & MODELS ]
Hamiltonian      : CoulombHO
WF Train Type    : EllipticGaussian
WaveFunction     : NN_envelope
Solver           : MetropolisHastings
preferAnalytic   : false
useCache         : false
-----------------------------------------
[ PHYSICAL PARAMETERS ]
dimensions (D)   : 3
particles (N)    : 10
omega            : 1
omega_z          : 2.8243
rep_a_factor     : 0.0043
rep_strength     : inf
maxStrength      : 1
-----------------------------------------
[ MONTE CARLO & OPTIMIZATION ]
time Step        : 0.15
Equilibr. Steps  : 10000
BFGS MC Steps    : 10000
BFGS_tol         : 1e-05
Final MC Steps   : 2^16 (65536)
-----------------------------------------
[ NEURAL NETWORK ]
Nhid             : 12
Activation Func  : tanh
Learning Rate    : 0.5
Pretrain Steps   : 1000
Energy Steps     : 3000
Adiab Steps      : 1000
Adam_ktol        : 0.99
max_patience     : 80
min_improvement  : 0.02
helpDecay        : 0.4
-----------------------------------------
[ OBSERVABLES & MISC ]
1bodyDens. Steps : 100000
1bodyDens. rMax  : 3.5
1bodyDens. nBins : 50
Seed             : 0
=========================================

Initial parameters for psi_train: 0.5, 	2.8243, 	
Optimal parameters: 16.6940685, 	18.5474467, 	0.293047796, 	9.23061646, 	19.6841859, 	-7.967261, 	-4.80240425, 	-4.01739948, 	21.6753796, 	-13.2790664, 	-21.5187318, 	0.940738955, 	21.3255415, 	-2.54264825, 	-6.20040483, 	-5.51040089, 	-8.93673707, 	-18.792574, 	9.78086984, 	11.0294019, 	-22.9797542, 	18.4619486, 	16.1553726, 	-25.8237215, 	-13.5427161, 	2.68571533, 	11.2473652, 	-24.8561725, 	-16.0774885, 	-8.68569467, 	25.3451344, 	7.01172418, 	-8.34247981, 	11.7484576, 	-16.2275663, 	15.9656245, 	8.64803102, 	-3.39047338, 	-16.3949338, 	0.0785685025, 	-17.034033, 	32.069369, 	6.39483853, 	15.5341771, 	24.2590265, 	-4.33044337, 	3.82964264, 	-15.9710546, 	-10.6913008, 	-22.4669416, 	-10.9029586, 	0.924196935, 	-0.516601842, 	-13.5960072, 	6.72947366, 	13.5425552, 	2.45892704, 	9.69925625, 	-9.06608903, 	11.1182209, 	0.330356337, 	-8.26512407, 	1.95329611, 	5.21992815, 	-22.1740704, 	4.51387358, 	12.1179148, 	-10.5351334, 	-26.416003, 	-11.0898459, 	-0.846226748, 	-8.96208549, 	4.85945508, 	-7.89456532, 	3.47186743, 	16.2910738, 	-20.346026, 	8.06827493, 	-4.83144457, 	14.3975086, 	-19.7823623, 	12.0054821, 	9.67498354, 	-4.06108607, 	-23.0891708, 	32.4886347, 	42.6332117, 	17.2806936, 	-28.7571591, 	26.5027293, 	-8.76859103, 	-8.5053563, 	-6.20274419, 	-0.23663252, 	22.013643, 	-21.3040317, 	4.27506771, 	23.3838565, 	-21.8434573, 	-16.2983076, 	38.7660208, 	-3.89914886, 	-18.2340514, 	12.5469691, 	-4.20335172, 	-6.95710986, 	12.0496409, 	4.75851399, 	-6.70390698, 	-1.7624928, 	12.7123196, 	23.8161499, 	7.55844223, 	-27.1905157, 	22.9933779, 	-6.78079812, 	-10.043892, 	19.4152151, 	13.6735536, 	-19.9728293, 	30.2203631, 	1.86801553, 	-5.02057016, 	7.74515137, 	21.7102429, 	13.4703126, 	-18.8047192, 	-3.03381022, 	-21.5531538, 	-10.4968109, 	-15.729498, 	11.7371763, 	11.0069123, 	2.20480425, 	-1.38370567, 	27.5101625, 	10.7578994, 	23.1379724, 	-4.58038974, 	8.56207072, 	-21.1157269, 	8.9563295, 	-0.663868702, 	-28.9977736, 	8.23252162, 	28.9362266, 	-24.4760765, 	27.594432, 	17.1896586, 	19.9472289, 	-47.4141238, 	-18.2100815, 	9.58940182, 	8.30805975, 	6.02091951, 	-16.3864028, 	10.4280214, 	29.4120712, 	-3.75639489, 	0.495440863, 	21.0392007, 	21.5269941, 	-8.62685024, 	2.0066286, 	4.46623791, 	-13.3656861, 	11.3768531, 	-5.48959899, 	29.4102852, 	-32.4821444, 	-16.2396551, 	-37.9738305, 	-4.37939733, 	3.80642991, 	-15.7176961, 	-12.2549401, 	15.3316393, 	-13.9502832, 	-5.35229325, 	-9.35858609, 	5.64047026, 	24.3838828, 	41.7429273, 	2.09609071, 	-32.2543424, 	26.679923, 	-29.8071629, 	0.860052054, 	4.80798395, 	0.676310455, 	-13.4562781, 	-10.47021, 	-11.5533435, 	38.4430904, 	4.08728042, 	-19.1919986, 	-26.5262851, 	5.63528179, 	-9.7134902, 	26.9732906, 	8.00178387, 	5.14734827, 	10.480055, 	-0.0581125245, 	-10.8937445, 	23.3628244, 	16.232917, 	18.9454141, 	19.9413569, 	-11.9613781, 	25.5674829, 	-3.11576722, 	-6.87748236, 	16.4674694, 	11.2844453, 	-4.9922786, 	-20.3288917, 	-21.5368007, 	-15.1846319, 	-13.2988431, 	13.2975702, 	-16.422307, 	3.43968247, 	23.2371517, 	30.8130816, 	-3.34876606, 	11.6935454, 	17.2906144, 	-14.8083192, 	42.3933818, 	24.6044776, 	14.7470798, 	23.7214435, 	8.77757425, 	-26.3467065, 	11.0394951, 	7.63079298, 	-17.6920249, 	12.8631639, 	12.7809632, 	-16.9597084, 	1.31197756, 	-9.76640327, 	18.122961, 	4.28358709, 	21.0628279, 	-27.3017913, 	12.0121142, 	-16.746731, 	-27.5915537, 	-25.1917907, 	-3.97572918, 	2.30513833, 	-21.4748638, 	-7.03087247, 	-11.1672926, 	4.01956976, 	-33.4924751, 	20.5374458, 	-23.0828558, 	2.15713075, 	2.53754223, 	18.0704142, 	-6.60079176, 	15.8657661, 	-10.6780214, 	-36.6814869, 	26.8982382, 	-4.11581568, 	6.92800339, 	18.1226022, 	-4.84190396, 	13.405436, 	-7.16773258, 	6.90659642, 	-19.7058445, 	-9.96590108, 	28.8026711, 	-8.13211475, 	14.2665588, 	10.8827995, 	4.09711029, 	-6.43799968, 	4.6933073, 	27.2145279, 	20.0475315, 	-11.706169, 	5.28756734, 	-12.0923053, 	1.22621893, 	-9.95243314, 	18.866254, 	-0.823183622, 	-31.3631554, 	5.60235642, 	9.25454514, 	-1.51991777, 	-6.05127148, 	13.965467, 	-10.4185933, 	-3.46200893, 	-13.6993082, 	-5.27689713, 	1.49768246, 	5.80558766, 	-21.3409577, 	6.51559686, 	-13.0666949, 	-5.02864714, 	18.3287348, 	-15.3940593, 	-0.538876725, 	4.05134184, 	2.85256468, 	-8.91228245, 	21.2203731, 	13.496895, 	7.76091843, 	9.68208189, 	-8.45745997, 	-49.5668388, 	7.62920977, 	9.42013426, 	-7.5104816, 	-3.96067142, 	-41.6624428, 	3.0610351, 	-47.1422228, 	3.92817349, 	-35.9564647, 	27.1116904, 	8.51247417, 	-26.7268178, 	15.9397586, 	10.0302836, 	19.1858967, 	-18.6364347, 	-51.5683134, 	-7.16328164, 	-4.96315731, 	-10.5084691, 	-7.76247023, 	-2.42243899, 	5.65064161, 	-17.9546479, 	-27.3820313, 	8.93679042, 	3.10550112, 	-3.24956179, 	28.6194168, 	26.0620717, 	10.8398985, 	-2.50786513, 	-18.2772689, 	31.0708681, 	10.5609541, 	-6.7573822, 	3.87293792, 	10.7623131, 	-8.13309137, 	32.4751836, 	-32.3105634, 	38.349319, 	-16.8248163, 	12.9694267, 	11.1767784, 	3.4635822, 	37.7984242, 	-32.1984165, 	-48.8817286, 	-24.8062089, 	-72.8419813, 	16.5056996, 	-5.60063295, 	6.84452606, 	-3.65870665, 	0.596355511, 	-2.89803035, 	4.57382301, 	18.2412, 	-8.98996997, 	-0.641160582, 	6.62291801, 	-95.3136949, 	
NN_VMC Optimization done (in 47126.5049 s).

FinalMC energy: 6.930536842e+01 +- 3.374987539e-02
Acceptance ratio: 9.708709717e-01
FinalMC done (in 94.286658 s).

Blocking energy: 6.930536837e+01 +- 2.631719139e-01
Blocking analysis done (in 0.007267958 s).

One-body density done (in 12.3034395 s).

=========================================
