=========================================
               VMC RUN LOG               
=========================================
Date and time    : 2026-05-20 10:09:03
-----------------------------------------
[ SYSTEM & MODELS ]
Hamiltonian      : CoulombHO
WF Train Type    : EllipticGaussian
WaveFunction     : NN_envelope
Solver           : MetropolisHastings
preferAnalytic   : false
useCache         : false
-----------------------------------------
[ PHYSICAL PARAMETERS ]
dimensions (D)   : 3
particles (N)    : 10
omega            : 1
omega_z          : 2.8243
rep_a_factor     : 0.0043
rep_strength     : inf
maxStrength      : 1
-----------------------------------------
[ MONTE CARLO & OPTIMIZATION ]
time Step        : 0.15
Equilibr. Steps  : 10000
BFGS MC Steps    : 10000
BFGS_tol         : 1e-05
Final MC Steps   : 2^16 (65536)
-----------------------------------------
[ NEURAL NETWORK ]
Nhid             : 30
Activation Func  : tanh
Learning Rate    : 0.05
Pretrain Steps   : 2000
Energy Steps     : 4000
Adiab Steps      : 1000
Adam_ktol        : 0.99
max_patience     : 100
min_improvement  : 0.02
helpDecay        : 0.4
-----------------------------------------
[ OBSERVABLES & MISC ]
1bodyDens. Steps : 100000
1bodyDens. rMax  : 3.5
1bodyDens. nBins : 50
Seed             : 0
=========================================

Initial parameters for psi_train: 0.5, 	2.8243, 	
Optimal parameters: 0.077660972, 	-0.0823456335, 	-0.162542484, 	-0.104813441, 	0.155789661, 	-0.182679794, 	0.107935114, 	-0.0460988754, 	-0.0958952205, 	0.01270806, 	0.107635458, 	0.289853413, 	-0.0618131708, 	-0.170210092, 	0.177746299, 	-0.0851276469, 	0.0811970593, 	0.121717505, 	-0.0644041943, 	0.0591763028, 	0.0864732078, 	0.0815819486, 	-0.104013357, 	-0.0523963401, 	0.148580181, 	0.0754159528, 	-0.0503267498, 	-0.258279412, 	0.17850673, 	-0.389226044, 	0.0898982403, 	-0.0885697203, 	-0.169679391, 	-0.0842369232, 	0.0100370373, 	-0.162642927, 	0.0761441382, 	-0.0653077983, 	-0.123419026, 	0.0495133506, 	0.0936761043, 	0.349649416, 	-0.0784014469, 	-0.124285994, 	0.148603387, 	-0.093679677, 	0.102402521, 	0.094500353, 	-0.0353623266, 	-0.0401847251, 	0.0685064126, 	0.0530685858, 	-0.101823144, 	-0.0493662636, 	0.143531179, 	0.102175267, 	-0.0415635995, 	-0.236150856, 	0.225871997, 	-0.528502265, 	0.262628671, 	0.721383863, 	-0.62963606, 	0.551621842, 	-0.9256643, 	-0.110738591, 	-0.289123123, 	-0.0547707239, 	-0.0760609142, 	1.28553378, 	-0.0859488829, 	0.270964792, 	-0.732335807, 	-0.622490074, 	-0.263990971, 	-0.411765361, 	-1.69150001, 	0.910160167, 	0.769496139, 	0.346926089, 	-0.71671007, 	-0.0754263672, 	-0.0232772453, 	-0.202848214, 	-0.185713552, 	-0.956127543, 	0.1388451, 	0.181869342, 	-0.266054385, 	0.0115192101, 	0.0798636984, 	-0.106600906, 	-0.223418012, 	-0.093696011, 	-0.573455806, 	-0.251485786, 	0.08159005, 	-0.0800539992, 	-0.172748093, 	0.0560586707, 	0.136412132, 	0.423299099, 	-0.0890677739, 	-0.194086711, 	0.237812367, 	-0.113317948, 	0.164520924, 	0.166555226, 	-0.0477769251, 	0.0700317044, 	0.093927937, 	0.101925126, 	-0.0855433243, 	-0.0139787667, 	0.130098319, 	0.131199719, 	-0.0808772514, 	-0.336357492, 	0.265707372, 	-0.633339469, 	-0.0156230763, 	0.0307143242, 	0.00303925569, 	0.0202158816, 	-0.278909389, 	0.0310409122, 	-0.0297563899, 	0.0170727496, 	0.0251662466, 	-0.0205226467, 	-0.00422455094, 	-0.165480677, 	0.0183938489, 	0.0323104359, 	-0.0433599311, 	0.00726347705, 	0.0110018281, 	0.00164344162, 	0.0487561823, 	-0.0314941755, 	-0.0195777379, 	-0.0116675453, 	0.026965732, 	0.0450228144, 	-0.0226993145, 	-0.0567715747, 	0.0485312266, 	0.0575087798, 	-0.053927763, 	-0.100957129, 	-0.376752262, 	-0.329621853, 	0.0229189521, 	-0.348019494, 	-0.319644127, 	-0.121136602, 	-0.937406203, 	-0.257623645, 	-0.994500092, 	0.290034972, 	-0.258045104, 	0.0614466305, 	0.342282077, 	0.403834321, 	1.62738175, 	0.496490921, 	-0.590520933, 	0.431883808, 	0.263252424, 	0.425075707, 	0.354491993, 	-0.736794541, 	-0.545015045, 	-0.886596288, 	0.496059271, 	-0.426733934, 	0.289079265, 	-0.90283923, 	-0.823075672, 	0.089862188, 	0.0339185669, 	-0.0588767395, 	-0.196163815, 	-0.080459426, 	-0.0572242691, 	-0.148662259, 	0.107500939, 	-0.0405184196, 	-0.100948309, 	0.0153953553, 	0.107993911, 	0.241707039, 	-0.0569015365, 	-0.132522234, 	0.151528154, 	-0.0828901369, 	0.134927715, 	0.134540603, 	0.0643924415, 	0.0321115421, 	0.0587869571, 	0.0707249634, 	-0.0272316794, 	-0.0604077431, 	0.10438584, 	0.052268026, 	-0.0232645181, 	-0.201597521, 	0.165531055, 	-0.406119581, 	-0.111292223, 	0.0941212539, 	0.184430447, 	0.129678866, 	0.557966978, 	0.174260414, 	-0.0817344887, 	0.101972992, 	0.170628126, 	-0.0846062777, 	-0.0992617387, 	-0.360229414, 	0.094166067, 	0.149621974, 	-0.214175243, 	0.116955981, 	-0.0709060741, 	-0.115497057, 	0.0644257259, 	-0.0710640656, 	-0.0805698358, 	-0.0898181833, 	0.0272267003, 	0.0679612441, 	-0.127339699, 	-0.155538722, 	0.00443626007, 	0.280499648, 	-0.270474159, 	0.567928134, 	0.326117508, 	0.310932071, 	-0.91464416, 	0.480854127, 	0.351868425, 	0.757320707, 	0.465294121, 	-0.232325863, 	-0.383167199, 	-0.130911003, 	-0.261344879, 	-0.356748695, 	-0.257075112, 	0.599751571, 	1.58383195, 	0.0895421133, 	-0.00773437937, 	-0.430458099, 	1.77304032, 	-0.199812209, 	0.375174157, 	-0.388613505, 	-1.2211597, 	0.492351561, 	-0.364863268, 	0.215799931, 	-0.745423548, 	-0.865584733, 	-0.227164167, 	-0.139903483, 	-0.0600098826, 	0.045504661, 	0.0609625924, 	0.0361417313, 	0.378513422, 	0.0655480816, 	-0.0236346584, 	0.0301524477, 	0.0560614899, 	-0.0496675209, 	0.0098523253, 	-0.136588979, 	0.0455549362, 	0.0621097636, 	-0.0811499112, 	0.0153438468, 	0.00197609041, 	-0.0351158981, 	-0.0217012386, 	-0.0228729742, 	-0.0681065479, 	-0.0489856524, 	-0.0075123344, 	0.0354965177, 	-0.0606646676, 	-0.079079876, 	0.042734125, 	0.114939262, 	-0.131895777, 	0.402691371, 	-0.155468842, 	0.101510036, 	0.192756119, 	0.105727959, 	-0.438161971, 	0.21168549, 	-0.113689588, 	0.0966652768, 	0.165762061, 	-0.105575481, 	-0.10921237, 	-0.427068389, 	0.0837181904, 	0.159139637, 	-0.221827926, 	0.124021183, 	-0.0385827428, 	-0.12329575, 	0.125402232, 	-0.039361464, 	-0.0900899772, 	-0.139353573, 	0.118883692, 	0.101241794, 	-0.162863437, 	-0.197883064, 	0.116915981, 	0.28657868, 	-0.257292919, 	0.445184624, 	-0.0857942351, 	0.411736635, 	0.385873825, 	0.842344191, 	0.263426823, 	0.05938959, 	-0.194927833, 	0.774790473, 	0.00983568657, 	0.443320915, 	0.712453909, 	-0.514758604, 	-0.394420526, 	0.87207456, 	1.52130021, 	-1.03311306, 	-0.663750393, 	-0.402448423, 	-0.864081168, 	0.155516036, 	0.656776404, 	-0.0943665972, 	1.38630609, 	-0.191789981, 	-0.0151363314, 	0.374480473, 	0.0812851367, 	-0.860095317, 	-0.0510370618, 	-0.138031441, 	-0.0437029728, 	0.0726073137, 	0.117198913, 	0.0583021798, 	0.512616397, 	0.111298116, 	-0.0212290773, 	0.0623016537, 	0.113125861, 	-0.0558872795, 	-0.00665656547, 	-0.177917618, 	0.0305236831, 	0.0848753884, 	-0.0641943775, 	0.0445668863, 	0.0289099244, 	-0.0383847153, 	0.00217233801, 	-0.0774658055, 	-0.062229229, 	-0.0375906681, 	0.0523303203, 	0.0462907754, 	-0.0604798752, 	-0.10608771, 	0.0198363323, 	0.120680102, 	-0.159838835, 	0.409169631, 	0.0710856055, 	-0.100663375, 	-0.223757093, 	-0.104309127, 	-1.01558644, 	-0.183540286, 	0.129117067, 	-0.105842293, 	-0.193869892, 	0.0743691515, 	0.104885311, 	0.420542723, 	-0.106459487, 	-0.153064054, 	0.166665901, 	-0.13706092, 	0.086850744, 	0.13493284, 	-0.0590373962, 	0.0556900186, 	0.130902861, 	0.121666241, 	-0.125782546, 	-0.0839256437, 	0.129315308, 	0.147643807, 	-0.0176809993, 	-0.269238301, 	0.253783279, 	-0.500607643, 	0.8906457, 	-0.168530723, 	-0.0925636381, 	-0.318256945, 	-0.646384501, 	-0.68761542, 	0.0847217469, 	0.522412476, 	-0.17703864, 	0.385689659, 	0.504336658, 	-0.20517297, 	0.206790321, 	0.066862615, 	0.461129631, 	0.409030235, 	-0.455751394, 	-0.805188783, 	0.33049881, 	-2.4891308, 	-0.148666644, 	-0.304055132, 	-0.479443121, 	0.0381645377, 	-1.09843294, 	0.268641917, 	1.11854211, 	-0.2226192, 	-0.213320222, 	-0.110680458, 	-0.0466225473, 	0.0602149744, 	0.0251423163, 	0.0242788128, 	0.114072269, 	0.0509267782, 	-0.0120183602, 	0.0863880527, 	0.0203780981, 	-0.0376545621, 	-0.0191278475, 	-0.00218539807, 	0.0304459192, 	0.0180460562, 	-0.00344678988, 	0.037018341, 	0.0695485425, 	-0.0177404223, 	0.00502647897, 	0.048675493, 	-0.0331020503, 	-0.0279991989, 	-0.0117718324, 	0.0409560059, 	-0.0223419836, 	-0.070931799, 	0.0586705016, 	0.0294921898, 	-0.068037044, 	0.0437015055, 	0.135456991, 	-0.13258863, 	-0.255005547, 	-0.13373155, 	-0.590912063, 	-0.245028248, 	0.125739135, 	-0.0784681079, 	-0.213197406, 	0.0600976318, 	0.0990342247, 	0.438028923, 	-0.105971377, 	-0.171424878, 	0.232206192, 	-0.132804805, 	0.0193960033, 	0.144582149, 	-0.0468269274, 	-0.0210811941, 	0.148969747, 	0.118464073, 	-0.136152575, 	-0.091648118, 	0.186572493, 	0.196431452, 	-0.0687633069, 	-0.311213417, 	0.316853962, 	-0.697860889, 	0.567563664, 	0.071232924, 	0.0103821101, 	0.659281467, 	0.108019992, 	-0.25254152, 	-0.215262353, 	-1.07291962, 	-0.707964318, 	-0.736756212, 	-0.988590803, 	0.081251694, 	-0.0633558604, 	-0.294340054, 	0.376879183, 	-0.898503465, 	1.16966765, 	-0.153625189, 	-0.564605973, 	-0.804999982, 	-0.36621788, 	-0.649000371, 	1.14193617, 	-0.227728928, 	-0.506413313, 	-0.00629228431, 	0.408716231, 	-0.238760663, 	-0.0271452906, 	-0.103521177, 	-0.160326853, 	0.157186775, 	0.241247125, 	0.172240542, 	-1.03777027, 	0.220720306, 	-0.115104193, 	0.119295305, 	0.177676336, 	-0.129147217, 	-0.0989975341, 	-0.461683511, 	0.0974890672, 	0.163771368, 	-0.189509636, 	0.142577661, 	-0.0889571493, 	-0.114602669, 	0.0785107215, 	-0.0328961383, 	-0.127510519, 	-0.12789719, 	0.143601344, 	0.127685476, 	-0.193738388, 	-0.206683901, 	0.15577499, 	0.318799334, 	-0.301214283, 	0.522703055, 	0.0226699128, 	-0.016965325, 	-0.0287517677, 	-0.0196666466, 	-0.150158396, 	-0.0182000346, 	0.0267333346, 	-0.00219275427, 	0.00317634983, 	0.00912852113, 	0.0398722313, 	0.109579424, 	-0.0380103154, 	0.0106710256, 	-0.0012554662, 	-0.0278269673, 	0.00477126964, 	0.0196150618, 	-0.0233091739, 	-0.0132146814, 	-0.032686859, 	0.015776203, 	0.0127283429, 	-0.00243200035, 	0.031028908, 	-0.00902950195, 	0.020123025, 	-0.00925673215, 	0.0475984015, 	-0.0389539416, 	-0.565340053, 	-0.0850075845, 	0.184576744, 	0.10847143, 	-0.30320458, 	0.353855411, 	0.135630826, 	0.377507395, 	-0.978208278, 	0.30305075, 	0.34960986, 	0.326789364, 	0.0894128972, 	-1.02923049, 	0.537576274, 	-0.148905274, 	-0.501864006, 	-1.10073307, 	-0.136175274, 	-0.974874486, 	-1.21944609, 	-0.755256975, 	0.0795250462, 	0.139299534, 	0.448717319, 	0.919846822, 	-0.230652893, 	-0.329532431, 	-0.107672429, 	-0.0217165329, 	-0.0364756534, 	0.0289121123, 	-0.0148428995, 	0.00630668403, 	-0.0617977657, 	0.0155432101, 	0.017109539, 	0.051369812, 	0.00966073249, 	-0.0637895304, 	0.00884545304, 	-0.116614211, 	0.0249948157, 	0.0292593704, 	0.0199234145, 	0.0197029358, 	0.0643424, 	-0.00771967439, 	-0.0241352514, 	-0.0245689537, 	-0.0330888614, 	-0.046698505, 	-0.002427581, 	0.00415946517, 	-0.0422824788, 	-0.070070248, 	0.0282208047, 	0.0285873752, 	-0.062968926, 	-0.0482138919, 	-0.158020964, 	0.123683944, 	0.199221881, 	0.130439962, 	0.773505377, 	0.22470725, 	-0.0728437247, 	0.11825686, 	0.165442985, 	-0.091807135, 	-0.0942287527, 	-0.390503902, 	0.0966191967, 	0.183774136, 	-0.248084655, 	0.121685169, 	-0.0486759771, 	-0.117862878, 	0.0604541133, 	-0.0794043181, 	-0.112987522, 	-0.128946844, 	0.119362051, 	0.0564691382, 	-0.155305869, 	-0.201914681, 	0.105123858, 	0.30234372, 	-0.280968662, 	0.602721304, 	-0.129179448, 	0.312597742, 	0.63705327, 	-0.372924879, 	0.164700325, 	-0.331574866, 	1.15870316, 	-0.549471201, 	-0.472089274, 	0.721435224, 	-0.582343841, 	-0.0816905778, 	-0.334516272, 	0.285617145, 	0.702814785, 	0.241440457, 	-1.04123537, 	0.224147781, 	-0.84746833, 	0.676952551, 	0.294037307, 	-0.468521258, 	0.291733137, 	1.1445716, 	0.27149373, 	-0.126110158, 	0.383640958, 	-0.399227865, 	-0.22675135, 	-0.0422431066, 	-0.143598497, 	0.0639684831, 	0.215217207, 	0.147520878, 	0.0427551774, 	0.20652702, 	-0.0730179844, 	0.111374908, 	0.175481777, 	-0.127847116, 	-0.110402483, 	-0.476084718, 	0.0127997009, 	0.19847946, 	-0.22354552, 	0.12925822, 	-0.0858477715, 	-0.12006168, 	0.114795738, 	-0.0289653267, 	-0.149693539, 	-0.117974085, 	0.118338823, 	0.118161971, 	-0.199067416, 	-0.184922556, 	0.104592505, 	0.306928054, 	-0.277420901, 	0.598401092, 	-0.0342564609, 	0.0310038835, 	0.00760009786, 	0.0197092185, 	0.233523246, 	0.0379945642, 	-0.0131960677, 	0.0195133997, 	0.00874560159, 	-0.0046902244, 	-0.0150180827, 	-0.0461511606, 	0.00797755261, 	0.0657694488, 	-0.0275873745, 	4.65088964e-05, 	-0.00331637152, 	-0.00565683083, 	0.0339215445, 	-0.0434244881, 	-0.0185843023, 	-0.0298917269, 	0.0366183988, 	0.026620215, 	-0.00287352824, 	-0.046532254, 	0.0431624038, 	0.0447347941, 	-0.0204395006, 	0.0451030707, 	0.216648802, 	-1.47840392, 	-0.113502184, 	0.735038298, 	0.45169055, 	0.0363587728, 	0.455257678, 	0.165970106, 	0.150780626, 	0.419386792, 	0.158392804, 	0.15676783, 	1.49794548, 	-0.166119085, 	0.71262512, 	-0.593563682, 	-0.491821105, 	0.47208259, 	-0.00586558675, 	0.300009922, 	-0.209056437, 	0.0782824249, 	0.344994493, 	0.520492241, 	0.0435993807, 	-0.56752319, 	-0.132951179, 	-0.324687093, 	-0.464722854, 	0.0957661153, 	0.0921414051, 	-0.110851392, 	-0.234827898, 	-0.123355546, 	0.0315763758, 	-0.257004153, 	0.126238207, 	-0.0469891866, 	-0.111816241, 	0.0022227103, 	0.142101755, 	0.438908633, 	-0.122737629, 	-0.206260875, 	0.283565877, 	-0.135724027, 	0.231055665, 	0.168975645, 	-0.057546096, 	0.0879958852, 	0.150279351, 	0.0432747917, 	-0.190359235, 	-0.0752222342, 	0.160652203, 	0.14732734, 	-0.0661891785, 	-0.317551067, 	0.265407268, 	-0.61747633, 	0.0697796669, 	-0.0457735692, 	-0.0707013452, 	-0.065720998, 	0.690147159, 	-0.068032711, 	0.0449489551, 	-0.0507319843, 	-0.0474880692, 	0.0299848226, 	0.0351372983, 	0.194963928, 	-0.0538948151, 	-0.0912259103, 	0.0644055883, 	-0.0495608823, 	0.0725691872, 	0.0819468406, 	-0.0677055438, 	-0.0417698085, 	0.0526316477, 	0.0412472653, 	-0.0837019282, 	-0.0293172697, 	0.0848110044, 	0.0259820238, 	0.00755400878, 	-0.0864059305, 	0.0916250006, 	0.174455337, 	-0.742319393, 	0.00541942957, 	-0.578653819, 	0.406571515, 	0.703655261, 	-0.575529846, 	0.0129163065, 	-0.684542029, 	1.07351716, 	0.276578725, 	-0.608438617, 	-0.177333829, 	-0.0476163463, 	0.10047436, 	0.707791509, 	-0.256458369, 	-0.353304054, 	-0.859531685, 	0.772275633, 	-0.994821043, 	-0.152340435, 	0.786492528, 	-0.305126131, 	-0.062474137, 	0.459600024, 	0.679644009, 	0.813314947, 	-0.320297694, 	-0.837362733, 	-0.123959633, 	0.113685566, 	0.438258449, 	-1.49238612, 	-0.0979340456, 	9.9395942, 	-1.5486892, 	-0.414248876, 	0.594324685, 	-0.0828227876, 	-0.810288705, 	-0.258858013, 	5.58497616, 	0.65225436, 	-0.524225135, 	-0.598620156, 	0.133535556, 	-1.26727429, 	-0.296741015, 	1.73069023, 	3.60900208, 	-0.111697191, 	-0.210892293, 	0.839586805, 	0.702720395, 	0.53621305, 	0.537378869, 	0.680513522, 	-3.29576138, 	2.55872977, 	-8.79907797, 	-0.836046427, 	0.899257256, 	0.73303621, 	0.749627744, 	-0.061659785, 	0.898931537, 	-0.944963576, 	0.791764307, 	0.700936172, 	-0.761399623, 	-0.841213975, 	-0.420555699, 	0.918582975, 	0.876391967, 	-0.619355312, 	0.836192457, 	-0.473986303, 	-0.62691754, 	0.533892927, 	0.343577285, 	-0.827147664, 	-0.914944479, 	0.533790946, 	0.996464071, 	-0.85741765, 	-0.707479465, 	0.708861218, 	0.545024928, 	-0.621933232, 	0.310448935, 	
NN_VMC Optimization done (in 109369.381 s).

FinalMC energy: 5.790269150e+01 +- 1.166675028e-02
Acceptance ratio: 9.443054199e-01
FinalMC done (in 124.534277 s).

Blocking energy: 5.790269158e+01 +- 5.484722896e-02
Blocking analysis done (in 0.010190053 s).

One-body density done (in 14.3416512 s).

=========================================
