=========================================
               VMC RUN LOG               
=========================================
Date and time    : 2026-05-22 12:11:40
-----------------------------------------
[ SYSTEM & MODELS ]
Hamiltonian      : CoulombHO
WF Train Type    : EllipticGaussian
WaveFunction     : NN_envelope
Solver           : MetropolisHastings
preferAnalytic   : false
useCache         : false
-----------------------------------------
[ PHYSICAL PARAMETERS ]
dimensions (D)   : 3
particles (N)    : 2
omega            : 1
omega_z          : 2.8243
rep_a_factor     : 0.0043
rep_strength     : inf
maxStrength      : 1
-----------------------------------------
[ MONTE CARLO & OPTIMIZATION ]
time Step        : 0.15
Equilibr. Steps  : 10000
BFGS MC Steps    : 10000
BFGS_tol         : 1e-05
Final MC Steps   : 2^16 (65536)
-----------------------------------------
[ NEURAL NETWORK ]
Nhid             : 12
Activation Func  : tanh
Learning Rate    : 0.05
Pretrain Steps   : 1000
Energy Steps     : 3000
Adiab Steps      : 1000
Adam_ktol        : 0.99
max_patience     : 80
min_improvement  : 0.02
helpDecay        : 0.4
-----------------------------------------
[ OBSERVABLES & MISC ]
1bodyDens. Steps : 5000000
1bodyDens. rMax  : 3.5
1bodyDens. nBins : 50
Seed             : 0
=========================================

Initial parameters for psi_train: 0.5, 	2.8243, 	
Optimal parameters: -0.270749817, 	-0.00758482981, 	-0.200253129, 	1.02402288, 	-0.0154161245, 	-0.00645496542, 	-0.0114204493, 	0.235516991, 	-0.147548975, 	-0.00396118392, 	0.383766974, 	-0.371890087, 	1.27096019, 	-0.00523171229, 	-0.185920546, 	0.798868253, 	0.0148329504, 	0.0134853337, 	-0.00599023685, 	-1.09205576, 	-0.43543931, 	0.00197087359, 	-0.269876294, 	0.151328012, 	0.0721907106, 	0.948854327, 	0.00893302122, 	0.0216782556, 	0.831517919, 	-0.231120587, 	0.507549763, 	0.00897754056, 	-0.0548919895, 	0.650867898, 	0.103115477, 	-0.126729108, 	0.272468408, 	-0.0133881981, 	-0.143185667, 	-1.02211128, 	-0.0111364811, 	-4.36628301e-05, 	-0.0164913504, 	-0.232394366, 	-0.203900321, 	-0.00256360127, 	0.360915692, 	-0.39778827, 	-1.27037146, 	0.0132331017, 	-0.417031931, 	-0.801338992, 	-0.00425399502, 	-0.0119860009, 	0.0118656836, 	1.09982495, 	-0.203722261, 	-0.000300195961, 	-0.163477238, 	0.259841676, 	-0.0908014497, 	-0.110440026, 	-0.0888029658, 	-0.00224548906, 	0.414192102, 	0.932669773, 	0.795817919, 	-0.0130560009, 	0.0525472641, 	-0.816015534, 	0.0802833123, 	-0.0510784309, 	-3.98615199, 	-1.50734597, 	0.960337078, 	4.729664, 	1.40946106, 	1.4837886, 	-1.39371068, 	-1.08747098, 	-0.974494502, 	1.58791831, 	-1.39184025, 	-1.36501824, 	-0.188750852, 	-2.08090625, 	0.695590437, 	0.169510947, 	2.59203868, 	2.3668229, 	-2.11623305, 	0.262889867, 	-0.650415743, 	2.06148428, 	-0.651249424, 	-0.626538947, 	
NN_VMC Optimization done (in 17448.9258 s).

FinalMC energy: 5.685101148e+00 +- 1.920958313e-03
Acceptance ratio: 9.383087158e-01
FinalMC done (in 38.6362571 s).

Blocking energy: 5.685101133e+00 +- 3.179298818e-03
Blocking analysis done (in 0.009750519 s).

One-body density done (in 639.28969 s).

=========================================
