=========================================
               VMC RUN LOG               
=========================================
Date and time    : 2026-05-15 22:38:05
-----------------------------------------
[ SYSTEM & MODELS ]
Hamiltonian      : CoulombHO
WF Train Type    : EllipticGaussian
WaveFunction     : NN_envelope
Solver           : MetropolisHastings
preferAnalytic   : false
useCache         : false
-----------------------------------------
[ PHYSICAL PARAMETERS ]
dimensions (D)   : 2
particles (N)    : 2
omega            : 1
omega_z          : 2.8243
rep_a_factor     : 0.0043
rep_strength     : inf
maxStrength      : 1
-----------------------------------------
[ MONTE CARLO & OPTIMIZATION ]
time Step        : 0.15
Equilibr. Steps  : 10000
BFGS MC Steps    : 10000
BFGS_tol         : 1e-05
Final MC Steps   : 2^16 (65536)
-----------------------------------------
[ NEURAL NETWORK ]
Nhid             : 10
Activation Func  : sigmoid
Learning Rate    : 0.05
Pretrain Steps   : 200
Energy Steps     : 250
Adiab Steps      : 100
Adam_ktol        : 0.99
helpDecay        : 0.4
-----------------------------------------
[ OBSERVABLES & MISC ]
1bodyDens. Steps : 100000
1bodyDens. rMax  : 3.5
1bodyDens. nBins : 50
Seed             : -658968762
=========================================

Initial parameters for psi_train: 0.5, 	2.8243, 	
Optimal parameters: 0.0251441219, 	-0.671392997, 	-0.708482414, 	-0.758256929, 	0.193172936, 	1.34013257, 	-2.58566161, 	-0.369386235, 	-0.326152707, 	0.861464065, 	-0.793737075, 	-0.535875728, 	0.305549111, 	-0.500691107, 	-2.2621296, 	0.228368597, 	0.675572912, 	0.669042172, 	0.589994314, 	0.69846192, 	-0.322580839, 	-0.3774764, 	-1.02959085, 	-0.471672685, 	-0.211967771, 	1.32328145, 	2.62075673, 	-0.473278837, 	0.171216245, 	0.174148672, 	-0.71333236, 	-0.308928468, 	0.260789529, 	0.548463927, 	2.26044585, 	-0.333735403, 	-0.66769011, 	-0.0174806921, 	0.767713804, 	1.07441464, 	2.05613506, 	-1.38487149, 	2.41129996, 	-0.197459674, 	-2.10130129, 	3.55741019, 	-2.41502759, 	1.06643357, 	-0.978434485, 	2.14898193, 	1.12310369, 	-0.247421587, 	0.896618396, 	-0.618617379, 	0.89571649, 	0.536026107, 	0.64017633, 	0.935745381, 	-0.325014232, 	0.55232652, 	
NN_VMC Optimization done (in 1100.05088 s).

FinalMC energy: 3.598609981e+00 +- 9.244506029e-03
Acceptance ratio: 9.288024902e-01
FinalMC done (in 28.5189034 s).

Blocking energy: 3.598609956e+00 +- 1.682515549e-02
Blocking analysis done (in 0.007653473 s).

One-body density done (in 12.4351948 s).

=========================================
