=========================================
               VMC RUN LOG               
=========================================
Date and time    : 2026-03-27 00:21:09
-----------------------------------------
Hamiltonian      : RepulsiveHO
WaveFunction     : RepEllipticGaussian
Solver           : MetropolisHastings
-----------------------------------------
preferAnalytic   : true
dimensions (D)   : 3
particles (N)    : 2
omega            : 1
omega_z          : 2.8243
rep_a_factor     : 0.05
time Step        : 0.05
Equilibr. Steps  : 100000
BFGS MC Steps    : 1000000
Final MC Steps   : 2^23
1bodyDens. Steps : 10000000
1bodyDens. rMax  : 3.5
1bodyDens. nBins : 50
BFGS_tol         : 1e-05
Seed             : -1953797567
=========================================

Initial parameters: 0.5, 	2.8243, 	
Optimal parameters: 0.495252947, 	2.82427144, 	
VMC Optimization done (in 19.6527378 s).

FinalMC energy: 4.892050782e+00 +- 2.318762841e-05
Acceptance ratio: 9.850518703e-01
FinalMC done (in 8.46541012 s).

Blocking energy: 4.892050782e+00 +- 8.346467260e-05
Blocking analysis done (in 1.04395524 s).

One-body density done (in 5.33772584 s).

=========================================
