=========================================
               VMC RUN LOG               
=========================================
Date and time    : 2026-03-26 21:44:05
-----------------------------------------
Hamiltonian      : RepulsiveHO
WaveFunction     : EllipticGaussian
Solver           : MetropolisHastings
-----------------------------------------
preferAnalytic   : true
dimensions (D)   : 3
particles (N)    : 1
omega            : 1
omega_z          : 2.8243
rep_a_factor     : 0
time Step        : 0.2
Equilibr. Steps  : 100000
BFGS MC Steps    : 1000000
Final MC Steps   : 2^23
1bodyDens. Steps : 10000000
1bodyDens. rMax  : 3.5
1bodyDens. nBins : 50
BFGS_tol         : 1e-05
Seed             : 0
=========================================

Initial parameters: 0.6, 	3, 	
Optimal parameters: 0.499490493, 	2.82249773, 	
VMC Optimization done (in 9.1057877 s).

FinalMC energy: 2.412154262e+00 +- 1.196560251e-06
Acceptance ratio: 8.958065510e-01
FinalMC done (in 3.12445934 s).

Blocking energy: 2.412154263e+00 +- 1.654090265e-06
Blocking analysis done (in 1.10496969 s).

One-body density done (in 1.96288229 s).

=========================================
