=========================================
               VMC RUN LOG               
=========================================
Date and time    : 2026-03-26 19:49:01
-----------------------------------------
Hamiltonian      : HarmonicOscillator
WaveFunction     : SimpleGaussian
Solver           : MetropolisHastings
-----------------------------------------
preferAnalytic   : true
dimensions (D)   : 3
particles (N)    : 5
omega            : 1
omega_z          : 1
rep_a_factor     : 0
time Step        : 0.5
Equilibr. Steps  : 100000
BFGS MC Steps    : 1000000
Final MC Steps   : 2^23
1bodyDens. Steps : 10000000
1bodyDens. rMax  : 3.5
1bodyDens. nBins : 50
BFGS_tol         : 1e-05
Seed             : 0
=========================================

FinalMC energy: 7.982259868e+00 +- 3.442101068e-04
Acceptance ratio: 9.071842432e-01
FinalMC done (in 6.07570146 s).

Blocking energy: 7.982259863e+00 +- 1.414185115e-03
Blocking analysis done (in 0.922719968 s).

=========================================
