=========================================
               VMC RUN LOG               
=========================================
Date and time    : 2026-03-25 23:18:01
-----------------------------------------
Hamiltonian      : RepulsiveHO
WaveFunction     : EllipticGaussian
Solver           : MetropolisHastings
-----------------------------------------
preferAnalytic   : true
dimensions (D)   : 3
particles (N)    : 10
omega            : 1
omega_z          : 2.8243
rep_a_factor     : 0
time Step        : 0.08
Equilibr. Steps  : 100000
BFGS MC Steps    : 100000
Final MC Steps   : 2^16
1bodyDens. Steps : 100000
1bodyDens. rMax  : 3.5
1bodyDens. nBins : 50
BFGS_tol         : 1e-05
Seed             : 0
=========================================

Initial parameters: 0.5, 	3, 	
Optimal parameters: 0.48313584, 	2.99398346, 	
VMC Optimization done (in 2.10284464 s).

FinalMC energy: 2.412101027e+01 +- 7.222508223e-04
FinalMC done (in 0.056438226 s).

Blocking energy: 2.412101015e+01 +- 5.505652308e-03
Blocking analysis done (in 0.006973257 s).

One-body density done (in 0.040630504 s).

=========================================
