=========================================
               VMC RUN LOG               
=========================================
Date and time    : 2026-03-26 21:26:16
-----------------------------------------
Hamiltonian      : HarmonicOscillator
WaveFunction     : SimpleGaussian
Solver           : Metropolis
-----------------------------------------
preferAnalytic   : true
dimensions (D)   : 3
particles (N)    : 5
omega            : 1
omega_z          : 1
rep_a_factor     : 0
time Step        : 5
Equilibr. Steps  : 100000
BFGS MC Steps    : 1000000
Final MC Steps   : 2^23
1bodyDens. Steps : 10000000
1bodyDens. rMax  : 3.5
1bodyDens. nBins : 50
BFGS_tol         : 0.0001
Seed             : 0
=========================================

Initial parameters: 0.75, 	
Optimal parameters: 0.500000009, 	
VMC Optimization done (in 2.2966692 s).

FinalMC energy: 7.500000000e+00 +- 0.000000000e+00
Acceptance ratio: 1.293833256e-01
FinalMC done (in 3.33707365 s).

Blocking energy: 7.500000000e+00 +- 3.087955143e-161
Blocking analysis done (in 0.851875891 s).

One-body density done (in 1.05552989 s).

=========================================
