=========================================
               VMC RUN LOG               
=========================================
Date and time    : 2026-03-26 21:20:54
-----------------------------------------
Hamiltonian      : HarmonicOscillator
WaveFunction     : SimpleGaussian
Solver           : Metropolis
-----------------------------------------
preferAnalytic   : true
dimensions (D)   : 2
particles (N)    : 1
omega            : 1
omega_z          : 1
rep_a_factor     : 0
time Step        : 2.5
Equilibr. Steps  : 100000
BFGS MC Steps    : 1000000
Final MC Steps   : 2^23
1bodyDens. Steps : 10000000
1bodyDens. rMax  : 3.5
1bodyDens. nBins : 50
BFGS_tol         : 0.0001
Seed             : 0
=========================================

Initial parameters: 0.75, 	
Optimal parameters: 0.499615735, 	
VMC Optimization done (in 3.79049419 s).

FinalMC energy: 1.000000357e+00 +- 2.650197198e-07
Acceptance ratio: 5.119880438e-01
FinalMC done (in 3.02655961 s).

Blocking energy: 1.000000355e+00 +- 7.180130215e-07
Blocking analysis done (in 1.15455334 s).

One-body density done (in 0.908866318 s).

=========================================
