=========================================
               VMC RUN LOG               
=========================================
Date and time    : 2026-03-26 21:48:06
-----------------------------------------
Hamiltonian      : RepulsiveHO
WaveFunction     : EllipticGaussian
Solver           : MetropolisHastings
-----------------------------------------
preferAnalytic   : false
dimensions (D)   : 3
particles (N)    : 10
omega            : 1
omega_z          : 2.8243
rep_a_factor     : 0
time Step        : 0.1
Equilibr. Steps  : 100000
BFGS MC Steps    : 1000000
Final MC Steps   : 2^23
1bodyDens. Steps : 10000000
1bodyDens. rMax  : 3.5
1bodyDens. nBins : 50
BFGS_tol         : 1e-05
Seed             : 0
=========================================

Initial parameters: 0.45, 	3, 	
Optimal parameters: 4.20766719, 	3.21126891, 	
VMC Optimization done (in 12.6994706 s).

FinalMC energy: -2.040718600e+04 +- 5.656145181e-02
Acceptance ratio: 1.528886557e-01
FinalMC done (in 6.68231825 s).

Blocking energy: -2.040718599e+04 +- 1.914125364e+01
Blocking analysis done (in 1.0605827 s).

One-body density done (in 2.2913929 s).

=========================================
