=========================================
               VMC RUN LOG               
=========================================
Date and time    : 2026-03-25 12:27:58
-----------------------------------------
Hamiltonian      : HarmonicOscillator
WaveFunction     : SimpleGaussian
Solver           : Metropolis
-----------------------------------------
preferAnalytic   : true
dimensions (D)   : 1
particles (N)    : 1
omega            : 1
omega_z          : 1
rep_a_factor     : 0
time Step        : 0.9
Equilibr. Steps  : 100000
BFGS MC Steps    : 1000000
Final MC Steps   : 2^23
1bodyDens. Steps : 10000000
1bodyDens. rMax  : 3.5
1bodyDens. nBins : 50
BFGS_tol         : 0.0001
Seed             : 0
=========================================

Initial parameters: 0.75, 	Optimal parameters: 0.499909536, 	
VMC Optimization done (in 18.0961885 s).

FinalMC energy: 4.999999151e-01 +- 4.392165966e-08
FinalMC done (in 7.67247228 s).

Blocking energy: 4.999999101e-01 +- 2.008301816e-07
Blocking analysis done (in 1.24807044 s).

One-body density done (in 4.24316812 s).

=========================================
