=========================================
               VMC RUN LOG               
=========================================
Date and time    : 2026-03-26 16:53:40
-----------------------------------------
Hamiltonian      : HarmonicOscillator
WaveFunction     : SimpleGaussian
Solver           : MetropolisHastings
-----------------------------------------
preferAnalytic   : true
dimensions (D)   : 3
particles (N)    : 5
omega            : 1
omega_z          : 1
rep_a_factor     : 0
time Step        : 0.5
Equilibr. Steps  : 100000
BFGS MC Steps    : 1000000
Final MC Steps   : 2^23
1bodyDens. Steps : 10000000
1bodyDens. rMax  : 3.5
1bodyDens. nBins : 50
BFGS_tol         : 1e-05
Seed             : 0
=========================================

FinalMC energy: 7.983353927e+00 +- 3.440248258e-04
Acceptance ratio: 9.073582888e-01
FinalMC done (in 6.70410523 s).

Blocking energy: 7.983353930e+00 +- 1.413258161e-03
Blocking analysis done (in 1.78508629 s).

=========================================
