=========================================
               VMC RUN LOG               
=========================================
Date and time    : 2026-03-26 19:36:02
-----------------------------------------
Hamiltonian      : RepulsiveHO
WaveFunction     : RepEllipticGaussian
Solver           : Metropolis
-----------------------------------------
preferAnalytic   : true
dimensions (D)   : 3
particles (N)    : 3
omega            : 1
omega_z          : 1
rep_a_factor     : 0
time Step        : 2.4
Equilibr. Steps  : 100000
BFGS MC Steps    : 1000000
Final MC Steps   : 2^23
1bodyDens. Steps : 10000000
1bodyDens. rMax  : 3.5
1bodyDens. nBins : 50
BFGS_tol         : 1e-05
Seed             : 0
=========================================

FinalMC energy: 4.787883642e+00 +- 2.670250100e-04
Acceptance ratio: 5.032707453e-01
FinalMC done (in 5.62360309 s).

Blocking energy: 4.787883643e+00 +- 1.588266092e-03
Blocking analysis done (in 0.922501202 s).

=========================================
