=========================================
               VMC RUN LOG               
=========================================
Date and time    : 2026-03-26 21:18:24
-----------------------------------------
Hamiltonian      : HarmonicOscillator
WaveFunction     : SimpleGaussian
Solver           : Metropolis
-----------------------------------------
preferAnalytic   : true
dimensions (D)   : 2
particles (N)    : 1
omega            : 1
omega_z          : 1
rep_a_factor     : 0
time Step        : 2.5
Equilibr. Steps  : 100000
BFGS MC Steps    : 1000000
Final MC Steps   : 2^23
1bodyDens. Steps : 10000000
1bodyDens. rMax  : 3.5
1bodyDens. nBins : 50
BFGS_tol         : 1e-05
Seed             : 0
=========================================

Initial parameters: 0.75, 	
Optimal parameters: 0.499458526, 	
VMC Optimization done (in 3.0075684 s).

FinalMC energy: 1.000001714e+00 +- 3.741604157e-07
Acceptance ratio: 5.118306875e-01
FinalMC done (in 2.427031 s).

Blocking energy: 1.000001712e+00 +- 1.010548635e-06
Blocking analysis done (in 1.00537859 s).

One-body density done (in 0.802385928 s).

=========================================
