=========================================
               VMC RUN LOG               
=========================================
Date and time    : 2026-03-27 00:16:17
-----------------------------------------
Hamiltonian      : RepulsiveHO
WaveFunction     : RepEllipticGaussian
Solver           : MetropolisHastings
-----------------------------------------
preferAnalytic   : true
dimensions (D)   : 3
particles (N)    : 2
omega            : 1
omega_z          : 2.8243
rep_a_factor     : 0.05
time Step        : 0.05
Equilibr. Steps  : 100000
BFGS MC Steps    : 1000000
Final MC Steps   : 2^23
1bodyDens. Steps : 10000000
1bodyDens. rMax  : 3.5
1bodyDens. nBins : 50
BFGS_tol         : 1e-05
Seed             : -1648128877
=========================================

Initial parameters: 0.5, 	2.8243, 	
Optimal parameters: 0.496047615, 	2.82429859, 	
VMC Optimization done (in 22.5957042 s).

FinalMC energy: 4.892200083e+00 +- 2.364705254e-05
Acceptance ratio: 9.850394726e-01
FinalMC done (in 9.73682571 s).

Blocking energy: 4.892200083e+00 +- 1.087648097e-04
Blocking analysis done (in 1.12073634 s).

One-body density done (in 6.1103196 s).

=========================================
