=========================================
               VMC RUN LOG               
=========================================
Date and time    : 2026-03-26 15:12:22
-----------------------------------------
Hamiltonian      : HarmonicOscillator
WaveFunction     : SimpleGaussian
Solver           : MetropolisHastings
-----------------------------------------
preferAnalytic   : true
dimensions (D)   : 3
particles (N)    : 5
omega            : 1
omega_z          : 1
rep_a_factor     : 0
time Step        : 0.3
Equilibr. Steps  : 100000
BFGS MC Steps    : 1000000
Final MC Steps   : 2^23
1bodyDens. Steps : 10000000
1bodyDens. rMax  : 3.5
1bodyDens. nBins : 50
BFGS_tol         : 1e-05
Seed             : 0
=========================================

FinalMC energy: 7.512615722e+00 +- 5.516512443e-05
Acceptance rate: 9.194741249e-01
FinalMC done (in 6.1579756 s).

Blocking energy: 7.512615722e+00 +- 2.354853935e-04
Blocking analysis done (in 1.00957651 s).

=========================================
