=========================================
               VMC RUN LOG               
=========================================
Date and time    : 2026-03-26 21:09:19
-----------------------------------------
Hamiltonian      : HarmonicOscillator
WaveFunction     : SimpleGaussian
Solver           : MetropolisHastings
-----------------------------------------
preferAnalytic   : true
dimensions (D)   : 1
particles (N)    : 1
omega            : 1
omega_z          : 1
rep_a_factor     : 0
time Step        : 0.5
Equilibr. Steps  : 100000
BFGS MC Steps    : 1000000
Final MC Steps   : 2^23
1bodyDens. Steps : 10000000
1bodyDens. rMax  : 3.5
1bodyDens. nBins : 50
BFGS_tol         : 1e-05
Seed             : 0
=========================================

Initial parameters: 0.75, 	
Optimal parameters: 0.499896169, 	
VMC Optimization done (in 11.5992379 s).

FinalMC energy: 4.999998892e-01 +- 5.073148347e-08
Acceptance ratio: 9.207676649e-01
FinalMC done (in 4.88492826 s).

Blocking energy: 4.999998844e-01 +- 6.676556043e-08
Blocking analysis done (in 1.32737459 s).

One-body density done (in 2.47075448 s).

=========================================
