=========================================
               VMC RUN LOG               
=========================================
Date and time    : 2026-03-26 15:44:15
-----------------------------------------
Hamiltonian      : HarmonicOscillator
WaveFunction     : SimpleGaussian
Solver           : Metropolis
-----------------------------------------
preferAnalytic   : true
dimensions (D)   : 3
particles (N)    : 5
omega            : 1
omega_z          : 1
rep_a_factor     : 0
time Step        : 2.3
Equilibr. Steps  : 100000
BFGS MC Steps    : 1000000
Final MC Steps   : 2^23
1bodyDens. Steps : 10000000
1bodyDens. rMax  : 3.5
1bodyDens. nBins : 50
BFGS_tol         : 1e-05
Seed             : 0
=========================================

FinalMC energy: 7.981584454e+00 +- 3.448141813e-04
Acceptance ratio: 5.207527876e-01
FinalMC done (in 4.24820167 s).

Blocking energy: 7.981584447e+00 +- 2.636074938e-03
Blocking analysis done (in 1.09347689 s).

=========================================
