=========================================
               VMC RUN LOG               
=========================================
Date and time    : 2026-03-25 23:26:59
-----------------------------------------
Hamiltonian      : RepulsiveHO
WaveFunction     : EllipticGaussian
Solver           : MetropolisHastings
-----------------------------------------
preferAnalytic   : true
dimensions (D)   : 3
particles (N)    : 1
omega            : 1
omega_z          : 2.8243
rep_a_factor     : 0
time Step        : 0.2
Equilibr. Steps  : 100000
BFGS MC Steps    : 1000000
Final MC Steps   : 2^23
1bodyDens. Steps : 10000000
1bodyDens. rMax  : 3.5
1bodyDens. nBins : 50
BFGS_tol         : 1e-05
Seed             : 0
=========================================

Initial parameters: 0.5, 	3, 	
Optimal parameters: 0.499767258, 	2.82468381, 	
VMC Optimization done (in 5.7728892 s).

FinalMC energy: 2.412150510e+00 +- 2.793458330e-07
FinalMC done (in 2.92657754 s).

Blocking energy: 2.412150512e+00 +- 4.600899061e-07
Blocking analysis done (in 0.965925503 s).

One-body density done (in 1.77587388 s).

=========================================
