=========================================
               VMC RUN LOG               
=========================================
Date and time    : 2026-03-26 01:07:46
-----------------------------------------
Hamiltonian      : RepulsiveHO
WaveFunction     : RepEllipticGaussian
Solver           : MetropolisHastings
-----------------------------------------
preferAnalytic   : true
dimensions (D)   : 3
particles (N)    : 20
omega            : 1
omega_z          : 2.82843
rep_a_factor     : 0.0043
time Step        : 0.08
Equilibr. Steps  : 100000
BFGS MC Steps    : 1000000
Final MC Steps   : 2^23
1bodyDens. Steps : 10000000
1bodyDens. rMax  : 3.5
1bodyDens. nBins : 50
BFGS_tol         : 1e-05
Seed             : 0
=========================================

Initial parameters: 0.5, 	2.82843, 	
Optimal parameters: 0.5, 	2.82843, 	
VMC Optimization done (in 1185.09947 s).

FinalMC energy: 4.935091391e+01 +- 4.969162096e-05
FinalMC done (in 406.348332 s).

Blocking energy: 4.935091391e+01 +- 6.943854181e-04
Blocking analysis done (in 0.978582595 s).

One-body density done (in 216.247339 s).

=========================================
