=========================================
               VMC RUN LOG               
=========================================
Date and time    : 2026-03-26 21:56:55
-----------------------------------------
Hamiltonian      : RepulsiveHO
WaveFunction     : EllipticGaussian
Solver           : MetropolisHastings
-----------------------------------------
preferAnalytic   : false
dimensions (D)   : 3
particles (N)    : 10
omega            : 1
omega_z          : 2.8243
rep_a_factor     : 0
time Step        : 0.1
Equilibr. Steps  : 100000
BFGS MC Steps    : 1000000
Final MC Steps   : 2^23
1bodyDens. Steps : 10000000
1bodyDens. rMax  : 3.5
1bodyDens. nBins : 50
BFGS_tol         : 1e-05
Seed             : 0
=========================================

Initial parameters: 0.6, 	3, 	
Optimal parameters: 0.496813359, 	2.82512258, 	
VMC Optimization done (in 21.0387757 s).

FinalMC energy: 2.412191727e+01 +- 1.503043722e-05
Acceptance ratio: 9.631426334e-01
FinalMC done (in 6.78061951 s).

Blocking energy: 2.412191728e+01 +- 1.086593074e-04
Blocking analysis done (in 1.01544176 s).

One-body density done (in 2.41466474 s).

=========================================
