=========================================
               VMC RUN LOG               
=========================================
Date and time    : 2026-03-26 21:44:22
-----------------------------------------
Hamiltonian      : RepulsiveHO
WaveFunction     : EllipticGaussian
Solver           : MetropolisHastings
-----------------------------------------
preferAnalytic   : true
dimensions (D)   : 3
particles (N)    : 1
omega            : 1
omega_z          : 2.8243
rep_a_factor     : 0
time Step        : 0.2
Equilibr. Steps  : 100000
BFGS MC Steps    : 1000000
Final MC Steps   : 2^23
1bodyDens. Steps : 10000000
1bodyDens. rMax  : 3.5
1bodyDens. nBins : 50
BFGS_tol         : 1e-05
Seed             : 0
=========================================

Initial parameters: 0.6, 	3, 	
Optimal parameters: 0.500086953, 	2.82332221, 	
VMC Optimization done (in 8.52031886 s).

FinalMC energy: 2.412150013e+00 +- 1.335761249e-07
Acceptance ratio: 8.956344128e-01
FinalMC done (in 3.39279999 s).

Blocking energy: 2.412150015e+00 +- 1.950107014e-07
Blocking analysis done (in 1.12276629 s).

One-body density done (in 1.93831472 s).

=========================================
