=========================================
               VMC RUN LOG               
=========================================
Date and time    : 2026-03-26 17:16:23
-----------------------------------------
Hamiltonian      : RepulsiveHO
WaveFunction     : RepEllipticGaussian
Solver           : MetropolisHastings
-----------------------------------------
preferAnalytic   : true
dimensions (D)   : 3
particles (N)    : 3
omega            : 1
omega_z          : 1
rep_a_factor     : 0
time Step        : 1.7
Equilibr. Steps  : 100000
BFGS MC Steps    : 1000000
Final MC Steps   : 2^23
1bodyDens. Steps : 10000000
1bodyDens. rMax  : 3.5
1bodyDens. nBins : 50
BFGS_tol         : 1e-05
Seed             : 0
=========================================

FinalMC energy: 4.788048149e+00 +- 2.663500576e-04
Acceptance ratio: 4.845502377e-01
FinalMC done (in 8.16409441 s).

Blocking energy: 4.788048150e+00 +- 9.542875634e-04
Blocking analysis done (in 0.970815706 s).

=========================================
