=========================================
               VMC RUN LOG               
=========================================
Date and time    : 2026-03-25 17:19:46
-----------------------------------------
Hamiltonian      : HarmonicOscillator
WaveFunction     : SimpleGaussian
Solver           : Metropolis
-----------------------------------------
preferAnalytic   : false
dimensions (D)   : 3
particles (N)    : 3
omega            : 1
omega_z          : 1
rep_a_factor     : 0
time Step        : 2
Equilibr. Steps  : 100000
BFGS MC Steps    : 1000000
Final MC Steps   : 2^23
1bodyDens. Steps : 10000000
1bodyDens. rMax  : 3.5
1bodyDens. nBins : 50
BFGS_tol         : 1e-05
Seed             : 0
=========================================

FinalMC energy: 4.500000000e+00 +- 8.149072528e-10
FinalMC done (in 26.4595564 s).

Blocking energy: 4.500000000e+00 +- 3.087955143e-161
Blocking analysis done (in 1.01059063 s).

=========================================
