=========================================
               VMC RUN LOG               
=========================================
Date and time    : 2026-03-25 12:44:29
-----------------------------------------
Hamiltonian      : HarmonicOscillator
WaveFunction     : SimpleGaussian
Solver           : Metropolis
-----------------------------------------
preferAnalytic   : true
dimensions (D)   : 1
particles (N)    : 1
omega            : 1
omega_z          : 1
rep_a_factor     : 0
time Step        : 2.9
Equilibr. Steps  : 100000
BFGS MC Steps    : 1000000
Final MC Steps   : 2^23
1bodyDens. Steps : 10000000
1bodyDens. rMax  : 3.5
1bodyDens. nBins : 50
BFGS_tol         : 1e-06
Seed             : 0
=========================================

FinalMC energy: 5.000000000e-01 +- 0.000000000e+00
FinalMC done (in 7.09297921 s).

Blocking energy: 5.000000000e-01 +- 0.000000000e+00
Blocking analysis done (in 0.925571831 s).

=========================================
