=========================================
               VMC RUN LOG               
=========================================
Date and time    : 2026-03-26 17:15:56
-----------------------------------------
Hamiltonian      : RepulsiveHO
WaveFunction     : RepEllipticGaussian
Solver           : MetropolisHastings
-----------------------------------------
preferAnalytic   : true
dimensions (D)   : 3
particles (N)    : 3
omega            : 1
omega_z          : 1
rep_a_factor     : 0
time Step        : 1.2
Equilibr. Steps  : 100000
BFGS MC Steps    : 1000000
Final MC Steps   : 2^23
1bodyDens. Steps : 10000000
1bodyDens. rMax  : 3.5
1bodyDens. nBins : 50
BFGS_tol         : 1e-05
Seed             : 0
=========================================

FinalMC energy: 4.789527951e+00 +- 2.669964757e-04
Acceptance ratio: 6.696621180e-01
FinalMC done (in 8.07829411 s).

Blocking energy: 4.789527950e+00 +- 7.841621300e-04
Blocking analysis done (in 0.963733211 s).

=========================================
