=========================================
               VMC RUN LOG               
=========================================
Date and time    : 2026-03-26 16:53:31
-----------------------------------------
Hamiltonian      : HarmonicOscillator
WaveFunction     : SimpleGaussian
Solver           : MetropolisHastings
-----------------------------------------
preferAnalytic   : true
dimensions (D)   : 3
particles (N)    : 5
omega            : 1
omega_z          : 1
rep_a_factor     : 0
time Step        : 0.5
Equilibr. Steps  : 100000
BFGS MC Steps    : 1000000
Final MC Steps   : 2^23
1bodyDens. Steps : 10000000
1bodyDens. rMax  : 3.5
1bodyDens. nBins : 50
BFGS_tol         : 1e-05
Seed             : 0
=========================================

FinalMC energy: 7.980887308e+00 +- 3.444234045e-04
Acceptance ratio: 9.070204496e-01
FinalMC done (in 5.53962474 s).

Blocking energy: 7.980887310e+00 +- 1.427241700e-03
Blocking analysis done (in 1.03863798 s).

=========================================
