=========================================
               VMC RUN LOG               
=========================================
Date and time    : 2026-03-26 21:25:48
-----------------------------------------
Hamiltonian      : HarmonicOscillator
WaveFunction     : SimpleGaussian
Solver           : Metropolis
-----------------------------------------
preferAnalytic   : true
dimensions (D)   : 3
particles (N)    : 5
omega            : 1
omega_z          : 1
rep_a_factor     : 0
time Step        : 0.1
Equilibr. Steps  : 100000
BFGS MC Steps    : 1000000
Final MC Steps   : 2^23
1bodyDens. Steps : 10000000
1bodyDens. rMax  : 3.5
1bodyDens. nBins : 50
BFGS_tol         : 0.0001
Seed             : 0
=========================================

Initial parameters: 0.75, 	
Optimal parameters: 0.500061084, 	
VMC Optimization done (in 5.80335076 s).

FinalMC energy: 7.500009231e+00 +- 1.154167904e-07
Acceptance ratio: 9.731338024e-01
FinalMC done (in 3.4249614 s).

Blocking energy: 7.500009231e+00 +- 8.300346072e-06
Blocking analysis done (in 1.01648885 s).

One-body density done (in 1.0918275 s).

=========================================
