=========================================
               VMC RUN LOG               
=========================================
Date and time    : 2026-03-26 15:44:42
-----------------------------------------
Hamiltonian      : HarmonicOscillator
WaveFunction     : SimpleGaussian
Solver           : Metropolis
-----------------------------------------
preferAnalytic   : true
dimensions (D)   : 3
particles (N)    : 5
omega            : 1
omega_z          : 1
rep_a_factor     : 0
time Step        : 2.5
Equilibr. Steps  : 100000
BFGS MC Steps    : 1000000
Final MC Steps   : 2^23
1bodyDens. Steps : 10000000
1bodyDens. rMax  : 3.5
1bodyDens. nBins : 50
BFGS_tol         : 1e-05
Seed             : 0
=========================================

FinalMC energy: 7.976806838e+00 +- 3.437685585e-04
Acceptance ratio: 4.862807989e-01
FinalMC done (in 3.58042441 s).

Blocking energy: 7.976806837e+00 +- 2.603211793e-03
Blocking analysis done (in 1.00272911 s).

=========================================
