=========================================
               VMC RUN LOG               
=========================================
Date and time    : 2026-03-26 20:55:31
-----------------------------------------
Hamiltonian      : HarmonicOscillator
WaveFunction     : SimpleGaussian
Solver           : Metropolis
-----------------------------------------
preferAnalytic   : true
dimensions (D)   : 3
particles (N)    : 50
omega            : 1
omega_z          : 1
rep_a_factor     : 0
time Step        : 2
Equilibr. Steps  : 100000
BFGS MC Steps    : 1000000
Final MC Steps   : 2^23
1bodyDens. Steps : 10000000
1bodyDens. rMax  : 3.5
1bodyDens. nBins : 50
BFGS_tol         : 1e-05
Seed             : 0
=========================================

Initial parameters: 0.75, 	
Optimal parameters: 0.500227201, 	
VMC Optimization done (in 104.959084 s).

FinalMC energy: 7.500001926e+01 +- 1.351619460e-06
Acceptance ratio: 5.047460794e-01
FinalMC done (in 53.0006025 s).

Blocking energy: 7.500001925e+01 +- 3.193776712e-05
Blocking analysis done (in 0.952606152 s).

One-body density done (in 2.67710958 s).

=========================================
