=========================================
               VMC RUN LOG               
=========================================
Date and time    : 2026-03-26 15:17:07
-----------------------------------------
Hamiltonian      : HarmonicOscillator
WaveFunction     : SimpleGaussian
Solver           : Metropolis
-----------------------------------------
preferAnalytic   : true
dimensions (D)   : 3
particles (N)    : 5
omega            : 1
omega_z          : 1
rep_a_factor     : 0
time Step        : 2
Equilibr. Steps  : 100000
BFGS MC Steps    : 1000000
Final MC Steps   : 2^23
1bodyDens. Steps : 10000000
1bodyDens. rMax  : 3.5
1bodyDens. nBins : 50
BFGS_tol         : 1e-05
Seed             : 0
=========================================

FinalMC energy: 7.625033912e+00 +- 1.732328707e-04
Acceptance rate: 4.667659998e-01
FinalMC done (in 3.44087438 s).

Blocking energy: 7.625033911e+00 +- 1.295499957e-03
Blocking analysis done (in 1.02401787 s).

=========================================
