=========================================
               VMC RUN LOG               
=========================================
Date and time    : 2026-03-26 21:27:06
-----------------------------------------
Hamiltonian      : HarmonicOscillator
WaveFunction     : SimpleGaussian
Solver           : Metropolis
-----------------------------------------
preferAnalytic   : true
dimensions (D)   : 3
particles (N)    : 5
omega            : 1
omega_z          : 1
rep_a_factor     : 0
time Step        : 5
Equilibr. Steps  : 100000
BFGS MC Steps    : 5000000
Final MC Steps   : 2^23
1bodyDens. Steps : 10000000
1bodyDens. rMax  : 3.5
1bodyDens. nBins : 50
BFGS_tol         : 0.0001
Seed             : 0
=========================================

Initial parameters: 0.75, 	
Optimal parameters: 0.500563128, 	
VMC Optimization done (in 30.3314819 s).

FinalMC energy: 7.499998940e+00 +- 1.064252964e-06
Acceptance ratio: 1.290766001e-01
FinalMC done (in 3.71999109 s).

Blocking energy: 7.499998938e+00 +- 1.080881806e-05
Blocking analysis done (in 1.04975097 s).

One-body density done (in 1.24335909 s).

=========================================
