=========================================
               VMC RUN LOG               
=========================================
Date and time    : 2026-03-26 21:10:21
-----------------------------------------
Hamiltonian      : HarmonicOscillator
WaveFunction     : SimpleGaussian
Solver           : MetropolisHastings
-----------------------------------------
preferAnalytic   : true
dimensions (D)   : 3
particles (N)    : 1
omega            : 1
omega_z          : 1
rep_a_factor     : 0
time Step        : 0.5
Equilibr. Steps  : 100000
BFGS MC Steps    : 1000000
Final MC Steps   : 2^23
1bodyDens. Steps : 10000000
1bodyDens. rMax  : 3.5
1bodyDens. nBins : 50
BFGS_tol         : 1e-05
Seed             : 0
=========================================

Initial parameters: 0.75, 	
Optimal parameters: 0.499985003, 	
VMC Optimization done (in 13.8084815 s).

FinalMC energy: 1.499999997e+00 +- 1.268302510e-08
Acceptance ratio: 8.426840305e-01
FinalMC done (in 6.48616094 s).

Blocking energy: 1.500000036e+00 +- 1.785179554e-08
Blocking analysis done (in 1.28589099 s).

One-body density done (in 4.72606079 s).

=========================================
