=========================================
               VMC RUN LOG               
=========================================
Date and time    : 2026-03-26 22:07:08
-----------------------------------------
Hamiltonian      : RepulsiveHO
WaveFunction     : EllipticGaussian
Solver           : MetropolisHastings
-----------------------------------------
preferAnalytic   : true
dimensions (D)   : 3
particles (N)    : 20
omega            : 1
omega_z          : 2.8243
rep_a_factor     : 0
time Step        : 0.1
Equilibr. Steps  : 100000
BFGS MC Steps    : 1000000
Final MC Steps   : 2^23
1bodyDens. Steps : 10000000
1bodyDens. rMax  : 3.5
1bodyDens. nBins : 50
BFGS_tol         : 1e-05
Seed             : 0
=========================================

FinalMC energy: 4.824300554e+01 +- 2.068027474e-06
Acceptance ratio: 9.628146887e-01
FinalMC done (in 8.05787209 s).

Blocking energy: 4.824300554e+01 +- 2.369164409e-05
Blocking analysis done (in 0.905897627 s).

One-body density done (in 2.74276692 s).

=========================================
