=========================================
               VMC RUN LOG               
=========================================
Date and time    : 2026-03-26 15:41:42
-----------------------------------------
Hamiltonian      : HarmonicOscillator
WaveFunction     : SimpleGaussian
Solver           : MetropolisHastings
-----------------------------------------
preferAnalytic   : true
dimensions (D)   : 3
particles (N)    : 5
omega            : 1
omega_z          : 1
rep_a_factor     : 0
time Step        : 0.6
Equilibr. Steps  : 100000
BFGS MC Steps    : 1000000
Final MC Steps   : 2^23
1bodyDens. Steps : 10000000
1bodyDens. rMax  : 3.5
1bodyDens. nBins : 50
BFGS_tol         : 1e-05
Seed             : 0
=========================================

FinalMC energy: 7.982384635e+00 +- 3.443754257e-04
Acceptance ratio: 8.781676292e-01
FinalMC done (in 6.92462878 s).

Blocking energy: 7.982384635e+00 +- 1.360194672e-03
Blocking analysis done (in 1.12183465 s).

=========================================
