=========================================
               VMC RUN LOG               
=========================================
Date and time    : 2026-03-26 21:45:12
-----------------------------------------
Hamiltonian      : RepulsiveHO
WaveFunction     : EllipticGaussian
Solver           : MetropolisHastings
-----------------------------------------
preferAnalytic   : true
dimensions (D)   : 3
particles (N)    : 10
omega            : 1
omega_z          : 2.8243
rep_a_factor     : 0
time Step        : 0.1
Equilibr. Steps  : 100000
BFGS MC Steps    : 1000000
Final MC Steps   : 2^23
1bodyDens. Steps : 10000000
1bodyDens. rMax  : 3.5
1bodyDens. nBins : 50
BFGS_tol         : 1e-05
Seed             : 0
=========================================

Initial parameters: 0.6, 	3, 	
Optimal parameters: 0.486786323, 	2.98158525, 	
VMC Optimization done (in 20.249072 s).

FinalMC energy: 2.413078189e+01 +- 6.647535026e-05
Acceptance ratio: 9.618014097e-01
FinalMC done (in 6.00802954 s).

Blocking energy: 2.413078188e+01 +- 4.708018028e-04
Blocking analysis done (in 1.01069943 s).

One-body density done (in 2.44639552 s).

=========================================
