=========================================
               VMC RUN LOG               
=========================================
Date and time    : 2026-03-25 12:48:40
-----------------------------------------
Hamiltonian      : HarmonicOscillator
WaveFunction     : SimpleGaussian
Solver           : Metropolis
-----------------------------------------
preferAnalytic   : true
dimensions (D)   : 1
particles (N)    : 1
omega            : 1
omega_z          : 1
rep_a_factor     : 0
time Step        : 4
Equilibr. Steps  : 100000
BFGS MC Steps    : 1000000
Final MC Steps   : 2^23
1bodyDens. Steps : 10000000
1bodyDens. rMax  : 3.5
1bodyDens. nBins : 50
BFGS_tol         : 1e-06
Seed             : 0
=========================================

Initial parameters: 0.75, 	Optimal parameters: 0.499999197, 	
VMC Optimization done (in 18.0988559 s).

FinalMC energy: 5.000000005e-01 +- 3.492649128e-10
FinalMC done (in 7.66613026 s).

Blocking energy: 4.999999543e-01 +- 9.809401818e-10
Blocking analysis done (in 1.11338922 s).

One-body density done (in 4.25361766 s).

=========================================
