=========================================
               VMC RUN LOG               
=========================================
Date and time    : 2026-03-25 12:46:44
-----------------------------------------
Hamiltonian      : HarmonicOscillator
WaveFunction     : SimpleGaussian
Solver           : Metropolis
-----------------------------------------
preferAnalytic   : true
dimensions (D)   : 1
particles (N)    : 1
omega            : 1
omega_z          : 1
rep_a_factor     : 0
time Step        : 3.2
Equilibr. Steps  : 100000
BFGS MC Steps    : 1000000
Final MC Steps   : 2^23
1bodyDens. Steps : 10000000
1bodyDens. rMax  : 3.5
1bodyDens. nBins : 50
BFGS_tol         : 1e-06
Seed             : 0
=========================================

Initial parameters: 0.75, 	Optimal parameters: 0.499896812, 	
VMC Optimization done (in 9.61908057 s).

FinalMC energy: 5.000000371e-01 +- 5.037189400e-08
FinalMC done (in 7.53625037 s).

Blocking energy: 5.000000323e-01 +- 1.027819143e-07
Blocking analysis done (in 1.15080479 s).

One-body density done (in 4.08782519 s).

=========================================
