=========================================
               VMC RUN LOG               
=========================================
Date and time    : 2026-03-25 23:18:07
-----------------------------------------
Hamiltonian      : RepulsiveHO
WaveFunction     : EllipticGaussian
Solver           : MetropolisHastings
-----------------------------------------
preferAnalytic   : true
dimensions (D)   : 3
particles (N)    : 10
omega            : 1
omega_z          : 2.8243
rep_a_factor     : 0
time Step        : 0.08
Equilibr. Steps  : 100000
BFGS MC Steps    : 100000
Final MC Steps   : 2^16
1bodyDens. Steps : 100000
1bodyDens. rMax  : 3.5
1bodyDens. nBins : 50
BFGS_tol         : 1e-05
Seed             : 0
=========================================

Initial parameters: 0.5, 	3, 	
Optimal parameters: 0.481574997, 	2.99691751, 	
VMC Optimization done (in 1.35581634 s).

FinalMC energy: 2.413222059e+01 +- 7.021619479e-04
FinalMC done (in 0.059498948 s).

Blocking energy: 2.413222056e+01 +- 5.825871475e-03
Blocking analysis done (in 0.00707786 s).

One-body density done (in 0.039856796 s).

=========================================
