=========================================
               VMC RUN LOG               
=========================================
Date and time    : 2026-03-26 17:08:54
-----------------------------------------
Hamiltonian      : RepulsiveHO
WaveFunction     : RepEllipticGaussian
Solver           : MetropolisHastings
-----------------------------------------
preferAnalytic   : true
dimensions (D)   : 3
particles (N)    : 3
omega            : 1
omega_z          : 1
rep_a_factor     : 0
time Step        : 0.5
Equilibr. Steps  : 100000
BFGS MC Steps    : 1000000
Final MC Steps   : 2^23
1bodyDens. Steps : 10000000
1bodyDens. rMax  : 3.5
1bodyDens. nBins : 50
BFGS_tol         : 1e-05
Seed             : 0
=========================================

FinalMC energy: 4.789264261e+00 +- 2.669818199e-04
Acceptance ratio: 9.070512056e-01
FinalMC done (in 8.39030772 s).

Blocking energy: 4.789264259e+00 +- 8.394773624e-04
Blocking analysis done (in 0.987636027 s).

=========================================
