=========================================
               VMC RUN LOG               
=========================================
Date and time    : 2026-03-26 15:01:27
-----------------------------------------
Hamiltonian      : HarmonicOscillator
WaveFunction     : SimpleGaussian
Solver           : Metropolis
-----------------------------------------
preferAnalytic   : true
dimensions (D)   : 3
particles (N)    : 5
omega            : 1
omega_z          : 1
rep_a_factor     : 0
time Step        : 1
Equilibr. Steps  : 100000
BFGS MC Steps    : 1000000
Final MC Steps   : 2^23
1bodyDens. Steps : 10000000
1bodyDens. rMax  : 3.5
1bodyDens. nBins : 50
BFGS_tol         : 1e-05
Seed             : 0
=========================================

FinalMC energy: 7.512996702e+00 +- 5.512465292e-05
FinalMC done (in 3.46544407 s).

Blocking energy: 7.512996701e+00 +- 5.697068066e-04
Blocking analysis done (in 0.952322619 s).

=========================================
