=========================================
               VMC RUN LOG               
=========================================
Date and time    : 2026-03-25 23:03:38
-----------------------------------------
Hamiltonian      : HarmonicOscillator
WaveFunction     : EllipticGaussian
Solver           : MetropolisHastings
-----------------------------------------
preferAnalytic   : true
dimensions (D)   : 3
particles (N)    : 1
omega            : 1
omega_z          : 2.8243
rep_a_factor     : 0
time Step        : 0.08
Equilibr. Steps  : 100000
BFGS MC Steps    : 100000
Final MC Steps   : 2^16
1bodyDens. Steps : 100000
1bodyDens. rMax  : 3.5
1bodyDens. nBins : 50
BFGS_tol         : 0.0001
Seed             : 0
=========================================

Initial parameters: 0.5, 	2.8243, 	Optimal parameters: 0.348252749, 	2.76354526, 	
VMC Optimization done (in 1.72429287 s).

FinalMC energy: 1.675738136e+00 +- 2.421128535e-03
FinalMC done (in 0.038918827 s).

Blocking energy: 1.675738135e+00 +- 7.172383252e-03
Blocking analysis done (in 0.007452771 s).

One-body density done (in 0.038074532 s).

=========================================
