=========================================
               VMC RUN LOG               
=========================================
Date and time    : 2026-03-26 22:01:11
-----------------------------------------
Hamiltonian      : RepulsiveHO
WaveFunction     : EllipticGaussian
Solver           : MetropolisHastings
-----------------------------------------
preferAnalytic   : false
dimensions (D)   : 3
particles (N)    : 10
omega            : 1
omega_z          : 2.8243
rep_a_factor     : 0
time Step        : 0.1
Equilibr. Steps  : 100000
BFGS MC Steps    : 1000000
Final MC Steps   : 2^23
1bodyDens. Steps : 10000000
1bodyDens. rMax  : 3.5
1bodyDens. nBins : 50
BFGS_tol         : 1e-05
Seed             : 0
=========================================

FinalMC energy: 2.412149986e+01 +- 4.016361931e-08
Acceptance ratio: 9.628667831e-01
FinalMC done (in 5.6196782 s).

Blocking energy: 2.412149986e+01 +- 2.971793386e-07
Blocking analysis done (in 0.857378818 s).

=========================================
