=========================================
               VMC RUN LOG               
=========================================
Date and time    : 2026-03-26 01:46:47
-----------------------------------------
Hamiltonian      : RepulsiveHO
WaveFunction     : RepEllipticGaussian
Solver           : MetropolisHastings
-----------------------------------------
preferAnalytic   : true
dimensions (D)   : 3
particles (N)    : 20
omega            : 1
omega_z          : 2.82843
rep_a_factor     : 0.0043
time Step        : 0.08
Equilibr. Steps  : 100000
BFGS MC Steps    : 1000000
Final MC Steps   : 2^23
1bodyDens. Steps : 10000000
1bodyDens. rMax  : 3.5
1bodyDens. nBins : 50
BFGS_tol         : 1e-05
Seed             : 0
=========================================

Initial parameters: 0.55, 	2.82843, 	
Optimal parameters: 0.49579703, 	2.82279574, 	
VMC Optimization done (in 1037.40686 s).

FinalMC energy: 4.934889063e+01 +- 4.884660832e-05
FinalMC done (in 384.218312 s).

Blocking energy: 4.934889063e+01 +- 5.588244924e-04
Blocking analysis done (in 0.959629132 s).

One-body density done (in 219.342855 s).

=========================================
