=========================================
               VMC RUN LOG               
=========================================
Date and time    : 2026-03-27 16:36:58
-----------------------------------------
Hamiltonian      : RepulsiveHO
WaveFunction     : RepEllipticGaussian
Solver           : MetropolisHastings
-----------------------------------------
preferAnalytic   : true
dimensions (D)   : 3
particles (N)    : 100
omega            : 1
omega_z          : 2.8243
rep_a_factor     : 0.05
time Step        : 0.05
Equilibr. Steps  : 100000
BFGS MC Steps    : 1000000
Final MC Steps   : 2^23
1bodyDens. Steps : 10000000
1bodyDens. rMax  : 3.5
1bodyDens. nBins : 50
BFGS_tol         : 1e-05
Seed             : -1608049651
=========================================

Initial parameters: 0.5, 	2.8243, 	
