=========================================
               VMC RUN LOG               
=========================================
Date and time    : 2026-03-25 11:47:22
-----------------------------------------
Hamiltonian      : HarmonicOscillator
WaveFunction     : SimpleGaussian
Solver           : Metropolis
-----------------------------------------
preferAnalytic   : true
dimensions (D)   : 1
particles (N)    : 1
omega            : 1
omega_z          : 1
rep_a_factor     : 0
time Step        : 0.9
Equilibr. Steps  : 100000
BFGS MC Steps    : 1000000
Final MC Steps   : 2^20
1bodyDens. Steps : 5000000
1bodyDens. rMax  : 3.5
1bodyDens. nBins : 50
BFGS_tol         : 0.0001
Seed             : -530456130
=========================================

Initial parameters: 0.75, 	Optimal parameters: 0.501804704, 	
VMC Optimization done (in 11.9285871 s).

FinalMC energy: 4.999918014e-01 +- 2.497621804e-06
FinalMC done (in 1.03184466 s).

Blocking energy: 4.999918029e-01 +- 1.111985183e-05
Blocking analysis done (in 0.159683626 s).

One-body density done (in 2.13002953 s).

=========================================
