=========================================
               VMC RUN LOG               
=========================================
Date and time    : 2026-03-26 19:17:20
-----------------------------------------
Hamiltonian      : RepulsiveHO
WaveFunction     : RepEllipticGaussian
Solver           : MetropolisHastings
-----------------------------------------
preferAnalytic   : true
dimensions (D)   : 3
particles (N)    : 3
omega            : 1
omega_z          : 1
rep_a_factor     : 0
time Step        : 0.5
Equilibr. Steps  : 100000
BFGS MC Steps    : 1000000
Final MC Steps   : 2^23
1bodyDens. Steps : 10000000
1bodyDens. rMax  : 3.5
1bodyDens. nBins : 50
BFGS_tol         : 1e-05
Seed             : 0
=========================================

FinalMC energy: 4.788348082e+00 +- 2.666006987e-04
Acceptance ratio: 9.070993662e-01
FinalMC done (in 8.22609575 s).

Blocking energy: 4.788348082e+00 +- 8.386647154e-04
Blocking analysis done (in 0.904943299 s).

=========================================
