=========================================
               VMC RUN LOG               
=========================================
Date and time    : 2026-03-25 23:24:09
-----------------------------------------
Hamiltonian      : RepulsiveHO
WaveFunction     : EllipticGaussian
Solver           : MetropolisHastings
-----------------------------------------
preferAnalytic   : true
dimensions (D)   : 3
particles (N)    : 1
omega            : 1
omega_z          : 2.8243
rep_a_factor     : 0
time Step        : 0.08
Equilibr. Steps  : 100000
BFGS MC Steps    : 1000000
Final MC Steps   : 2^23
1bodyDens. Steps : 10000000
1bodyDens. rMax  : 3.5
1bodyDens. nBins : 50
BFGS_tol         : 1e-05
Seed             : 0
=========================================

Initial parameters: 0.5, 	3, 	
Optimal parameters: 0.491704077, 	2.90564787, 	
VMC Optimization done (in 9.57776244 s).

FinalMC energy: 2.412363375e+00 +- 9.913919854e-06
FinalMC done (in 2.94472557 s).

Blocking energy: 2.412363373e+00 +- 2.522908995e-05
Blocking analysis done (in 0.946035224 s).

One-body density done (in 1.71264914 s).

=========================================
