=========================================
               VMC RUN LOG               
=========================================
Date and time    : 2026-03-25 12:32:10
-----------------------------------------
Hamiltonian      : HarmonicOscillator
WaveFunction     : SimpleGaussian
Solver           : Metropolis
-----------------------------------------
preferAnalytic   : true
dimensions (D)   : 1
particles (N)    : 1
omega            : 1
omega_z          : 1
rep_a_factor     : 0
time Step        : 1.5
Equilibr. Steps  : 100000
BFGS MC Steps    : 1000000
Final MC Steps   : 2^23
1bodyDens. Steps : 10000000
1bodyDens. rMax  : 3.5
1bodyDens. nBins : 50
BFGS_tol         : 0.0001
Seed             : 0
=========================================

Initial parameters: 0.75, 	Optimal parameters: 0.500000963, 	
VMC Optimization done (in 10.3804273 s).

FinalMC energy: 5.000000025e-01 +- 5.811607095e-10
FinalMC done (in 7.59297636 s).

Blocking energy: 5.000000487e-01 +- 1.536570174e-09
Blocking analysis done (in 1.10753526 s).

One-body density done (in 4.00961541 s).

=========================================
