=========================================
               VMC RUN LOG               
=========================================
Date and time    : 2026-03-25 23:29:34
-----------------------------------------
Hamiltonian      : RepulsiveHO
WaveFunction     : EllipticGaussian
Solver           : MetropolisHastings
-----------------------------------------
preferAnalytic   : true
dimensions (D)   : 3
particles (N)    : 10
omega            : 1
omega_z          : 2.8243
rep_a_factor     : 0
time Step        : 0.1
Equilibr. Steps  : 100000
BFGS MC Steps    : 1000000
Final MC Steps   : 2^23
1bodyDens. Steps : 10000000
1bodyDens. rMax  : 3.5
1bodyDens. nBins : 50
BFGS_tol         : 1e-05
Seed             : 0
=========================================

Initial parameters: 0.5, 	3, 	
Optimal parameters: 0.500008243, 	2.82419354, 	
VMC Optimization done (in 9.92833862 s).

FinalMC energy: 2.412150028e+01 +- 5.309686049e-08
FinalMC done (in 5.21785559 s).

Blocking energy: 2.412150027e+01 +- 3.480493925e-07
Blocking analysis done (in 0.877117555 s).

One-body density done (in 2.30310593 s).

=========================================
