=========================================
               VMC RUN LOG               
=========================================
Date and time    : 2026-03-26 15:41:33
-----------------------------------------
Hamiltonian      : HarmonicOscillator
WaveFunction     : SimpleGaussian
Solver           : MetropolisHastings
-----------------------------------------
preferAnalytic   : true
dimensions (D)   : 3
particles (N)    : 5
omega            : 1
omega_z          : 1
rep_a_factor     : 0
time Step        : 0.6
Equilibr. Steps  : 100000
BFGS MC Steps    : 1000000
Final MC Steps   : 2^23
1bodyDens. Steps : 10000000
1bodyDens. rMax  : 3.5
1bodyDens. nBins : 50
BFGS_tol         : 1e-05
Seed             : 0
=========================================

FinalMC energy: 7.984982116e+00 +- 3.447795434e-04
Acceptance ratio: 8.782924414e-01
FinalMC done (in 6.53465435 s).

Blocking energy: 7.984982113e+00 +- 1.339020305e-03
Blocking analysis done (in 0.990561428 s).

=========================================
