=========================================
               VMC RUN LOG               
=========================================
Date and time    : 2026-03-25 12:36:10
-----------------------------------------
Hamiltonian      : HarmonicOscillator
WaveFunction     : SimpleGaussian
Solver           : Metropolis
-----------------------------------------
preferAnalytic   : true
dimensions (D)   : 1
particles (N)    : 1
omega            : 1
omega_z          : 1
rep_a_factor     : 0
time Step        : 2.9
Equilibr. Steps  : 100000
BFGS MC Steps    : 1000000
Final MC Steps   : 2^23
1bodyDens. Steps : 10000000
1bodyDens. rMax  : 3.5
1bodyDens. nBins : 50
BFGS_tol         : 1e-06
Seed             : 0
=========================================

Initial parameters: 0.75, 	Optimal parameters: 0.499998891, 	
VMC Optimization done (in 18.6627565 s).

FinalMC energy: 5.000000005e-01 +- 3.843279688e-10
FinalMC done (in 8.80459207 s).

Blocking energy: 4.999999544e-01 +- 1.063331951e-09
Blocking analysis done (in 1.21583326 s).

One-body density done (in 4.44761319 s).

=========================================
