=========================================
               VMC RUN LOG               
=========================================
Date and time    : 2026-03-26 21:19:27
-----------------------------------------
Hamiltonian      : HarmonicOscillator
WaveFunction     : SimpleGaussian
Solver           : Metropolis
-----------------------------------------
preferAnalytic   : true
dimensions (D)   : 2
particles (N)    : 1
omega            : 1
omega_z          : 1
rep_a_factor     : 0
time Step        : 2.5
Equilibr. Steps  : 100000
BFGS MC Steps    : 10000000
Final MC Steps   : 2^23
1bodyDens. Steps : 10000000
1bodyDens. rMax  : 3.5
1bodyDens. nBins : 50
BFGS_tol         : 1e-05
Seed             : 0
=========================================

Initial parameters: 0.75, 	
Optimal parameters: 0.5, 	
VMC Optimization done (in 12.6604073 s).

FinalMC energy: 1.000000000e+00 +- 0.000000000e+00
Acceptance ratio: 5.116263628e-01
FinalMC done (in 2.6534139 s).

Blocking energy: 1.000000000e+00 +- 3.087955143e-161
Blocking analysis done (in 0.616431615 s).

One-body density done (in 0.900119756 s).

=========================================
