=========================================
               VMC RUN LOG               
=========================================
Date and time    : 2026-03-26 21:43:19
-----------------------------------------
Hamiltonian      : RepulsiveHO
WaveFunction     : EllipticGaussian
Solver           : MetropolisHastings
-----------------------------------------
preferAnalytic   : true
dimensions (D)   : 3
particles (N)    : 1
omega            : 1
omega_z          : 2.8243
rep_a_factor     : 0
time Step        : 0.2
Equilibr. Steps  : 100000
BFGS MC Steps    : 1000000
Final MC Steps   : 2^23
1bodyDens. Steps : 10000000
1bodyDens. rMax  : 3.5
1bodyDens. nBins : 50
BFGS_tol         : 1e-05
Seed             : 0
=========================================

Initial parameters: 0.6, 	3, 	
Optimal parameters: 0.499118086, 	2.82217252, 	
VMC Optimization done (in 11.7601802 s).

FinalMC energy: 2.412156947e+00 +- 1.841545178e-06
Acceptance ratio: 8.958843946e-01
FinalMC done (in 3.42300783 s).

Blocking energy: 2.412156945e+00 +- 2.588230007e-06
Blocking analysis done (in 1.1123756 s).

One-body density done (in 1.93088646 s).

=========================================
