=========================================
               VMC RUN LOG               
=========================================
Date and time    : 2026-03-25 13:56:47
-----------------------------------------
Hamiltonian      : HarmonicOscillator
WaveFunction     : SimpleGaussian
Solver           : Metropolis
-----------------------------------------
preferAnalytic   : true
dimensions (D)   : 1
particles (N)    : 10
omega            : 1
omega_z          : 1
rep_a_factor     : 0
time Step        : 4
Equilibr. Steps  : 100000
BFGS MC Steps    : 1000000
Final MC Steps   : 2^23
1bodyDens. Steps : 10000000
1bodyDens. rMax  : 3.5
1bodyDens. nBins : 50
BFGS_tol         : 1e-05
Seed             : 0
=========================================

Initial parameters: 0.75, 	Optimal parameters: 0.49999597, 	
VMC Optimization done (in 127.393898 s).

FinalMC energy: 5.000000078e+00 +- 6.187388111e-09
FinalMC done (in 56.0748149 s).

Blocking energy: 5.000000077e+00 +- 4.255954768e-08
Blocking analysis done (in 1.1828443 s).

One-body density done (in 7.9232488 s).

=========================================
