=========================================
               VMC RUN LOG               
=========================================
Date and time    : 2026-03-26 20:48:55
-----------------------------------------
Hamiltonian      : HarmonicOscillator
WaveFunction     : SimpleGaussian
Solver           : Metropolis
-----------------------------------------
preferAnalytic   : true
dimensions (D)   : 1
particles (N)    : 1
omega            : 1
omega_z          : 1
rep_a_factor     : 0.05
time Step        : 4
Equilibr. Steps  : 100000
BFGS MC Steps    : 1000000
Final MC Steps   : 2^23
1bodyDens. Steps : 10000000
1bodyDens. rMax  : 3.5
1bodyDens. nBins : 50
BFGS_tol         : 1e-06
Seed             : 0
=========================================

Initial parameters: 0.75, 	
Optimal parameters: 0.499932198, 	
VMC Optimization done (in 2.81048934 s).

FinalMC energy: 5.000000390e-01 +- 3.320821859e-08
Acceptance ratio: 5.141037703e-01
FinalMC done (in 2.56459758 s).

Blocking energy: 5.000000329e-01 +- 6.498325348e-08
