=========================================
               VMC RUN LOG               
=========================================
Date and time    : 2026-03-26 21:43:39
-----------------------------------------
Hamiltonian      : RepulsiveHO
WaveFunction     : EllipticGaussian
Solver           : MetropolisHastings
-----------------------------------------
preferAnalytic   : true
dimensions (D)   : 3
particles (N)    : 1
omega            : 1
omega_z          : 2.8243
rep_a_factor     : 0
time Step        : 0.2
Equilibr. Steps  : 100000
BFGS MC Steps    : 1000000
Final MC Steps   : 2^23
1bodyDens. Steps : 10000000
1bodyDens. rMax  : 3.5
1bodyDens. nBins : 50
BFGS_tol         : 1e-05
Seed             : 0
=========================================

Initial parameters: 0.6, 	3, 	
Optimal parameters: 0.487650013, 	2.98213194, 	
VMC Optimization done (in 5.67547038 s).

FinalMC energy: 2.413054355e+00 +- 2.201481216e-05
Acceptance ratio: 8.920826912e-01
FinalMC done (in 3.88766823 s).

Blocking energy: 2.413054354e+00 +- 3.111310349e-05
Blocking analysis done (in 1.22753746 s).

One-body density done (in 2.04279447 s).

=========================================
