=========================================
               VMC RUN LOG               
=========================================
Date and time    : 2026-03-27 00:18:46
-----------------------------------------
Hamiltonian      : RepulsiveHO
WaveFunction     : RepEllipticGaussian
Solver           : MetropolisHastings
-----------------------------------------
preferAnalytic   : true
dimensions (D)   : 3
particles (N)    : 2
omega            : 1
omega_z          : 2.8243
rep_a_factor     : 0.05
time Step        : 0.05
Equilibr. Steps  : 100000
BFGS MC Steps    : 1000000
Final MC Steps   : 2^23
1bodyDens. Steps : 10000000
1bodyDens. rMax  : 3.5
1bodyDens. nBins : 50
BFGS_tol         : 1e-05
Seed             : 1191637335
=========================================

Initial parameters: 0.5, 	2.8243, 	
Optimal parameters: 0.491990117, 	2.86929608, 	
VMC Optimization done (in 23.8620939 s).

FinalMC energy: 4.891925986e+00 +- 2.105641835e-05
Acceptance ratio: 9.849104881e-01
FinalMC done (in 8.79259636 s).

Blocking energy: 4.891925987e+00 +- 7.330432878e-05
Blocking analysis done (in 1.0899191 s).

One-body density done (in 5.56966608 s).

=========================================
