=========================================
               VMC RUN LOG               
=========================================
Date and time    : 2026-03-25 16:35:51
-----------------------------------------
Hamiltonian      : HarmonicOscillator
WaveFunction     : SimpleGaussian
Solver           : MetropolisHastings
-----------------------------------------
preferAnalytic   : true
dimensions (D)   : 3
particles (N)    : 3
omega            : 1
omega_z          : 1
rep_a_factor     : 0
time Step        : 0.1
Equilibr. Steps  : 100000
BFGS MC Steps    : 1000000
Final MC Steps   : 2^23
1bodyDens. Steps : 10000000
1bodyDens. rMax  : 3.5
1bodyDens. nBins : 50
BFGS_tol         : 1e-05
Seed             : 0
=========================================

Initial parameters: 0.75, 	Optimal parameters: 0.5, 	
VMC Optimization done (in 70.7370013 s).

FinalMC energy: 4.500000000e+00 +- 0.000000000e+00
FinalMC done (in 68.0214175 s).

Blocking energy: 4.500000000e+00 +- 3.087955143e-161
Blocking analysis done (in 1.13995333 s).

One-body density done (in 59.5690345 s).

=========================================
