=========================================
               VMC RUN LOG               
=========================================
Date and time    : 2026-03-26 21:20:40
-----------------------------------------
Hamiltonian      : HarmonicOscillator
WaveFunction     : SimpleGaussian
Solver           : Metropolis
-----------------------------------------
preferAnalytic   : true
dimensions (D)   : 2
particles (N)    : 1
omega            : 1
omega_z          : 1
rep_a_factor     : 0
time Step        : 2.5
Equilibr. Steps  : 100000
BFGS MC Steps    : 1000000
Final MC Steps   : 2^23
1bodyDens. Steps : 10000000
1bodyDens. rMax  : 3.5
1bodyDens. nBins : 50
BFGS_tol         : 0.0001
Seed             : 0
=========================================

Initial parameters: 0.75, 	
Optimal parameters: 0.499472123, 	
VMC Optimization done (in 3.55918127 s).

FinalMC energy: 9.999999077e-01 +- 3.644424100e-07
Acceptance ratio: 5.119867325e-01
FinalMC done (in 3.00468705 s).

Blocking energy: 9.999999058e-01 +- 9.912346503e-07
Blocking analysis done (in 1.28972501 s).

One-body density done (in 1.01832991 s).

=========================================
