=========================================
               VMC RUN LOG               
=========================================
Date and time    : 2026-03-25 22:57:16
-----------------------------------------
Hamiltonian      : RepulsiveHO
WaveFunction     : RepEllipticGaussian
Solver           : MetropolisHastings
-----------------------------------------
preferAnalytic   : true
dimensions (D)   : 3
particles (N)    : 10
omega            : 1
omega_z          : 2.8243
rep_a_factor     : 0.043
time Step        : 0.08
Equilibr. Steps  : 100000
BFGS MC Steps    : 100000
Final MC Steps   : 2^16
1bodyDens. Steps : 100000
1bodyDens. rMax  : 3.5
1bodyDens. nBins : 50
BFGS_tol         : 0.0001
Seed             : 0
=========================================

Initial parameters: 0.5, 	2.8243, 	Optimal parameters: 0.457056537, 	3.09043328, 	
VMC Optimization done (in 65.6236878 s).

FinalMC energy: 2.643229605e+01 +- 1.144854881e-03
FinalMC done (in 1.46333148 s).

Blocking energy: 2.643229600e+01 +- 6.212585173e-03
Blocking analysis done (in 0.007759298 s).

One-body density done (in 1.13332664 s).

=========================================
