=========================================
               VMC RUN LOG               
=========================================
Date and time    : 2026-03-26 21:42:27
-----------------------------------------
Hamiltonian      : HarmonicOscillator
WaveFunction     : EllipticGaussian
Solver           : MetropolisHastings
-----------------------------------------
preferAnalytic   : true
dimensions (D)   : 3
particles (N)    : 1
omega            : 1
omega_z          : 2.8243
rep_a_factor     : 0
time Step        : 0.2
Equilibr. Steps  : 100000
BFGS MC Steps    : 1000000
Final MC Steps   : 2^23
1bodyDens. Steps : 10000000
1bodyDens. rMax  : 3.5
1bodyDens. nBins : 50
BFGS_tol         : 1e-05
Seed             : 0
=========================================

Initial parameters: 0.6, 	3, 	
Optimal parameters: 0.49971281, 	0.999941436, 	
VMC Optimization done (in 11.5004952 s).

FinalMC energy: 1.500000837e+00 +- 2.514230140e-07
Acceptance ratio: 9.597257376e-01
FinalMC done (in 3.73311264 s).

Blocking energy: 1.500000835e+00 +- 5.326352326e-07
Blocking analysis done (in 1.10670317 s).

One-body density done (in 1.97290522 s).

=========================================
