=========================================
               VMC RUN LOG               
=========================================
Date and time    : 2026-03-27 00:17:57
-----------------------------------------
Hamiltonian      : RepulsiveHO
WaveFunction     : RepEllipticGaussian
Solver           : MetropolisHastings
-----------------------------------------
preferAnalytic   : true
dimensions (D)   : 3
particles (N)    : 2
omega            : 1
omega_z          : 2.8243
rep_a_factor     : 0.05
time Step        : 0.05
Equilibr. Steps  : 100000
BFGS MC Steps    : 1000000
Final MC Steps   : 2^23
1bodyDens. Steps : 10000000
1bodyDens. rMax  : 3.5
1bodyDens. nBins : 50
BFGS_tol         : 1e-05
Seed             : -346536637
=========================================

Initial parameters: 0.5, 	2.8243, 	
Optimal parameters: 0.499849209, 	2.82430855, 	
VMC Optimization done (in 16.82389 s).

FinalMC energy: 4.892312284e+00 +- 2.299357177e-05
Acceptance ratio: 9.847398996e-01
FinalMC done (in 9.98523399 s).

Blocking energy: 4.892312282e+00 +- 8.873952260e-05
Blocking analysis done (in 1.32316653 s).

One-body density done (in 6.02496552 s).

=========================================
