=========================================
               VMC RUN LOG               
=========================================
Date and time    : 2026-03-26 02:18:26
-----------------------------------------
Hamiltonian      : RepulsiveHO
WaveFunction     : RepEllipticGaussian
Solver           : MetropolisHastings
-----------------------------------------
preferAnalytic   : true
dimensions (D)   : 3
particles (N)    : 100
omega            : 1
omega_z          : 2.82843
rep_a_factor     : 0.0043
time Step        : 0.08
Equilibr. Steps  : 100000
BFGS MC Steps    : 1000000
Final MC Steps   : 2^23
1bodyDens. Steps : 10000000
1bodyDens. rMax  : 3.5
1bodyDens. nBins : 50
BFGS_tol         : 1e-05
Seed             : 0
=========================================

Initial parameters: 0.55, 	2.82843, 	
Optimal parameters: 0.483419387, 	2.82325298, 	
VMC Optimization done (in 5569.40243 s).

FinalMC energy: 2.662084724e+02 +- 3.760049411e-04
FinalMC done (in 8983.18869 s).

Blocking energy: 2.662084724e+02 +- 9.881262098e-03
Blocking analysis done (in 1.01846114 s).

One-body density done (in 5016.48099 s).

=========================================
