=========================================
               VMC RUN LOG               
=========================================
Date and time    : 2026-03-25 17:02:18
-----------------------------------------
Hamiltonian      : HarmonicOscillator
WaveFunction     : SimpleGaussian
Solver           : MetropolisHastings
-----------------------------------------
preferAnalytic   : true
dimensions (D)   : 1
particles (N)    : 1
omega            : 1
omega_z          : 1
rep_a_factor     : 0
time Step        : 0.5
Equilibr. Steps  : 100000
BFGS MC Steps    : 1000000
Final MC Steps   : 2^23
1bodyDens. Steps : 10000000
1bodyDens. rMax  : 3.5
1bodyDens. nBins : 50
BFGS_tol         : 1e-06
Seed             : 0
=========================================

Initial parameters: 0.75, 	Optimal parameters: 0.499891406, 	
VMC Optimization done (in 41.2313868 s).

FinalMC energy: 4.999999348e-01 +- 5.323284644e-08
FinalMC done (in 13.7306312 s).

Blocking energy: 4.999999302e-01 +- 7.036522274e-08
