=========================================
               VMC RUN LOG               
=========================================
Date and time    : 2026-03-25 23:07:12
-----------------------------------------
Hamiltonian      : RepulsiveHO
WaveFunction     : EllipticGaussian
Solver           : MetropolisHastings
-----------------------------------------
preferAnalytic   : true
dimensions (D)   : 3
particles (N)    : 1
omega            : 1
omega_z          : 2.8243
rep_a_factor     : 0
time Step        : 0.08
Equilibr. Steps  : 100000
BFGS MC Steps    : 100000
Final MC Steps   : 2^16
1bodyDens. Steps : 100000
1bodyDens. rMax  : 3.5
1bodyDens. nBins : 50
BFGS_tol         : 1e-05
Seed             : 0
=========================================

Initial parameters: 0.5, 	3, 	
Optimal parameters: 0.477748757, 	2.98428659, 	
VMC Optimization done (in 1.10038193 s).

FinalMC energy: 2.413254375e+00 +- 1.938307530e-04
FinalMC done (in 0.037694044 s).

Blocking energy: 2.413254394e+00 +- 6.310829005e-04
Blocking analysis done (in 0.007560774 s).

One-body density done (in 0.03262772 s).

=========================================
