=========================================
               VMC RUN LOG               
=========================================
Date and time    : 2026-03-27 00:21:43
-----------------------------------------
Hamiltonian      : RepulsiveHO
WaveFunction     : RepEllipticGaussian
Solver           : MetropolisHastings
-----------------------------------------
preferAnalytic   : true
dimensions (D)   : 3
particles (N)    : 2
omega            : 1
omega_z          : 2.8243
rep_a_factor     : 0.05
time Step        : 0.05
Equilibr. Steps  : 100000
BFGS MC Steps    : 1000000
Final MC Steps   : 2^23
1bodyDens. Steps : 10000000
1bodyDens. rMax  : 3.5
1bodyDens. nBins : 50
BFGS_tol         : 1e-05
Seed             : -1803953654
=========================================

Initial parameters: 0.5, 	2.8243, 	
Optimal parameters: 0.49201288, 	2.86920309, 	
VMC Optimization done (in 23.4569312 s).

FinalMC energy: 4.891952908e+00 +- 2.106427581e-05
Acceptance ratio: 9.849714041e-01
FinalMC done (in 9.30223345 s).

Blocking energy: 4.891952908e+00 +- 7.244781216e-05
Blocking analysis done (in 1.06946839 s).

One-body density done (in 5.5902713 s).

=========================================
