=========================================
               VMC RUN LOG               
=========================================
Date and time    : 2026-03-26 22:06:06
-----------------------------------------
Hamiltonian      : RepulsiveHO
WaveFunction     : EllipticGaussian
Solver           : MetropolisHastings
-----------------------------------------
preferAnalytic   : true
dimensions (D)   : 3
particles (N)    : 10
omega            : 1
omega_z          : 2.8243
rep_a_factor     : 0
time Step        : 0.1
Equilibr. Steps  : 100000
BFGS MC Steps    : 1000000
Final MC Steps   : 2^23
1bodyDens. Steps : 10000000
1bodyDens. rMax  : 3.5
1bodyDens. nBins : 50
BFGS_tol         : 1e-05
Seed             : 0
=========================================

FinalMC energy: 4.325862859e+01 +- 2.983843228e-03
Acceptance ratio: 8.442996740e-01
FinalMC done (in 5.15475943 s).

Blocking energy: 4.325862859e+01 +- 1.553571901e-02
Blocking analysis done (in 0.882879321 s).

One-body density done (in 2.88433313 s).

=========================================
