=========================================
               VMC RUN LOG               
=========================================
Date and time    : 2026-03-26 22:04:33
-----------------------------------------
Hamiltonian      : RepulsiveHO
WaveFunction     : EllipticGaussian
Solver           : MetropolisHastings
-----------------------------------------
preferAnalytic   : true
dimensions (D)   : 3
particles (N)    : 10
omega            : 1
omega_z          : 2.8243
rep_a_factor     : 0
time Step        : 0.1
Equilibr. Steps  : 100000
BFGS MC Steps    : 1000000
Final MC Steps   : 2^23
1bodyDens. Steps : 10000000
1bodyDens. rMax  : 3.5
1bodyDens. nBins : 50
BFGS_tol         : 1e-05
Seed             : 0
=========================================

FinalMC energy: 2.412149951e+01 +- 3.990997080e-08
Acceptance ratio: 9.629062414e-01
FinalMC done (in 5.19348079 s).

Blocking energy: 2.412149952e+01 +- 2.972735032e-07
Blocking analysis done (in 0.895625539 s).

One-body density done (in 2.85307072 s).

=========================================
