=========================================
               VMC RUN LOG               
=========================================
Date and time    : 2026-03-25 23:24:27
-----------------------------------------
Hamiltonian      : RepulsiveHO
WaveFunction     : EllipticGaussian
Solver           : MetropolisHastings
-----------------------------------------
preferAnalytic   : true
dimensions (D)   : 3
particles (N)    : 1
omega            : 1
omega_z          : 2.8243
rep_a_factor     : 0
time Step        : 0.08
Equilibr. Steps  : 100000
BFGS MC Steps    : 1000000
Final MC Steps   : 2^23
1bodyDens. Steps : 10000000
1bodyDens. rMax  : 3.5
1bodyDens. nBins : 50
BFGS_tol         : 1e-05
Seed             : 0
=========================================

Initial parameters: 0.5, 	3, 	
Optimal parameters: 0.47962078, 	2.99658998, 	
VMC Optimization done (in 2.1408448 s).

FinalMC energy: 2.413348107e+00 +- 1.882102515e-05
FinalMC done (in 2.98617648 s).

Blocking energy: 2.413348108e+00 +- 5.536217606e-05
Blocking analysis done (in 1.00689279 s).

One-body density done (in 1.81984172 s).

=========================================
