=========================================
               VMC RUN LOG               
=========================================
Date and time    : 2026-03-26 21:22:30
-----------------------------------------
Hamiltonian      : HarmonicOscillator
WaveFunction     : SimpleGaussian
Solver           : Metropolis
-----------------------------------------
preferAnalytic   : true
dimensions (D)   : 3
particles (N)    : 5
omega            : 1
omega_z          : 1
rep_a_factor     : 0
time Step        : 0.9
Equilibr. Steps  : 100000
BFGS MC Steps    : 1000000
Final MC Steps   : 2^23
1bodyDens. Steps : 10000000
1bodyDens. rMax  : 3.5
1bodyDens. nBins : 50
BFGS_tol         : 0.0001
Seed             : 0
=========================================

Initial parameters: 0.75, 	
Optimal parameters: 0.494063713, 	
VMC Optimization done (in 15.8580984 s).

FinalMC energy: 7.500364699e+00 +- 1.129753228e-05
Acceptance ratio: 7.622802258e-01
FinalMC done (in 4.1472999 s).

Blocking energy: 7.500364695e+00 +- 1.284296253e-04
Blocking analysis done (in 1.21591693 s).

One-body density done (in 1.32372974 s).

=========================================
