=========================================
               VMC RUN LOG               
=========================================
Date and time    : 2026-03-26 15:09:30
-----------------------------------------
Hamiltonian      : HarmonicOscillator
WaveFunction     : SimpleGaussian
Solver           : Metropolis
-----------------------------------------
preferAnalytic   : true
dimensions (D)   : 3
particles (N)    : 5
omega            : 1
omega_z          : 1
rep_a_factor     : 0
time Step        : 2
Equilibr. Steps  : 100000
BFGS MC Steps    : 1000000
Final MC Steps   : 2^23
1bodyDens. Steps : 10000000
1bodyDens. rMax  : 3.5
1bodyDens. nBins : 50
BFGS_tol         : 1e-05
Seed             : 0
=========================================

FinalMC energy: 7.513351254e+00 +- 5.517860547e-05
Acceptance rate: 4.929174185e-01
FinalMC done (in 3.36031877 s).

Blocking energy: 7.513351254e+00 +- 4.168032721e-04
Blocking analysis done (in 0.951246199 s).

=========================================
