=========================================
               VMC RUN LOG               
=========================================
Date and time    : 2026-03-26 00:48:11
-----------------------------------------
Hamiltonian      : RepulsiveHO
WaveFunction     : RepEllipticGaussian
Solver           : MetropolisHastings
-----------------------------------------
preferAnalytic   : true
dimensions (D)   : 3
particles (N)    : 10
omega            : 1
omega_z          : 2.82843
rep_a_factor     : 0.0043
time Step        : 0.1
Equilibr. Steps  : 100000
BFGS MC Steps    : 1000000
Final MC Steps   : 2^23
1bodyDens. Steps : 10000000
1bodyDens. rMax  : 3.5
1bodyDens. nBins : 50
BFGS_tol         : 1e-05
Seed             : 0
=========================================

Initial parameters: 0.5, 	2.82843, 	
Optimal parameters: 0.497236834, 	2.82841472, 	
VMC Optimization done (in 313.589586 s).

FinalMC energy: 2.439835189e+01 +- 1.950320058e-05
FinalMC done (in 100.397929 s).

Blocking energy: 2.439835189e+01 +- 1.327298182e-04
Blocking analysis done (in 1.00703785 s).

One-body density done (in 55.7587817 s).

=========================================
