=========================================
               VMC RUN LOG               
=========================================
Date and time    : 2026-03-26 15:12:46
-----------------------------------------
Hamiltonian      : HarmonicOscillator
WaveFunction     : SimpleGaussian
Solver           : Metropolis
-----------------------------------------
preferAnalytic   : true
dimensions (D)   : 3
particles (N)    : 5
omega            : 1
omega_z          : 1
rep_a_factor     : 0
time Step        : 2
Equilibr. Steps  : 100000
BFGS MC Steps    : 1000000
Final MC Steps   : 2^23
1bodyDens. Steps : 10000000
1bodyDens. rMax  : 3.5
1bodyDens. nBins : 50
BFGS_tol         : 1e-05
Seed             : 0
=========================================

FinalMC energy: 7.513490332e+00 +- 5.487250359e-05
Acceptance rate: 4.927325249e-01
FinalMC done (in 3.29939594 s).

Blocking energy: 7.513490334e+00 +- 4.112107877e-04
Blocking analysis done (in 0.966965349 s).

=========================================
