=========================================
               VMC RUN LOG               
=========================================
Date and time    : 2026-03-27 00:28:58
-----------------------------------------
Hamiltonian      : RepulsiveHO
WaveFunction     : RepEllipticGaussian
Solver           : MetropolisHastings
-----------------------------------------
preferAnalytic   : true
dimensions (D)   : 3
particles (N)    : 100
omega            : 1
omega_z          : 2.8243
rep_a_factor     : 0.05
time Step        : 0.05
Equilibr. Steps  : 100000
BFGS MC Steps    : 1000000
Final MC Steps   : 2^23
1bodyDens. Steps : 10000000
1bodyDens. rMax  : 3.5
1bodyDens. nBins : 50
BFGS_tol         : 1e-05
Seed             : -893621437
=========================================

Initial parameters: 0.5, 	2.8243, 	
Optimal parameters: 0.486145092, 	3.1427209, 	
VMC Optimization done (in 11936.6423 s).

FinalMC energy: 4.062404102e+02 +- 1.368095667e-03
Acceptance ratio: 9.318881035e-01
FinalMC done (in 9804.75964 s).

Blocking energy: 4.062404103e+02 +- 3.126200865e-02
Blocking analysis done (in 1.01396538 s).

One-body density done (in 5380.50483 s).

=========================================
