=========================================
               VMC RUN LOG               
=========================================
Date and time    : 2026-03-26 21:03:25
-----------------------------------------
Hamiltonian      : HarmonicOscillator
WaveFunction     : SimpleGaussian
Solver           : Metropolis
-----------------------------------------
preferAnalytic   : true
dimensions (D)   : 3
particles (N)    : 1
omega            : 1
omega_z          : 1
rep_a_factor     : 0
time Step        : 2
Equilibr. Steps  : 100000
BFGS MC Steps    : 1000000
Final MC Steps   : 2^23
1bodyDens. Steps : 10000000
1bodyDens. rMax  : 3.5
1bodyDens. nBins : 50
BFGS_tol         : 1e-05
Seed             : 0
=========================================

Initial parameters: 0.75, 	
Optimal parameters: 0.5, 	
VMC Optimization done (in 1.49368025 s).

FinalMC energy: 1.500000000e+00 +- 0.000000000e+00
Acceptance ratio: 5.049844980e-01
FinalMC done (in 2.25171846 s).

Blocking energy: 1.500000000e+00 +- 3.087955143e-161
Blocking analysis done (in 0.80681147 s).

One-body density done (in 0.838518867 s).

=========================================
