=========================================
               VMC RUN LOG               
=========================================
Date and time    : 2026-03-26 15:17:53
-----------------------------------------
Hamiltonian      : HarmonicOscillator
WaveFunction     : SimpleGaussian
Solver           : Metropolis
-----------------------------------------
preferAnalytic   : true
dimensions (D)   : 3
particles (N)    : 5
omega            : 1
omega_z          : 1
rep_a_factor     : 0
time Step        : 1.8
Equilibr. Steps  : 100000
BFGS MC Steps    : 1000000
Final MC Steps   : 2^23
1bodyDens. Steps : 10000000
1bodyDens. rMax  : 3.5
1bodyDens. nBins : 50
BFGS_tol         : 1e-05
Seed             : 0
=========================================

FinalMC energy: 7.623248409e+00 +- 1.736211233e-04
Acceptance rate: 5.108252764e-01
FinalMC done (in 3.54180423 s).

Blocking energy: 7.623248408e+00 +- 1.337018587e-03
Blocking analysis done (in 0.974598883 s).

=========================================
