=========================================
               VMC RUN LOG               
=========================================
Date and time    : 2026-03-26 17:06:49
-----------------------------------------
Hamiltonian      : RepulsiveHO
WaveFunction     : RepEllipticGaussian
Solver           : Metropolis
-----------------------------------------
preferAnalytic   : true
dimensions (D)   : 3
particles (N)    : 3
omega            : 1
omega_z          : 1
rep_a_factor     : 0.005
time Step        : 2.4
Equilibr. Steps  : 100000
BFGS MC Steps    : 1000000
Final MC Steps   : 2^23
1bodyDens. Steps : 10000000
1bodyDens. rMax  : 3.5
1bodyDens. nBins : 50
BFGS_tol         : 1e-05
Seed             : 0
=========================================

FinalMC energy: 4.802148949e+00 +- 2.956136635e-04
Acceptance ratio: 5.040054321e-01
FinalMC done (in 7.3240115 s).

Blocking energy: 4.802148948e+00 +- 1.572015578e-03
Blocking analysis done (in 0.99080757 s).

=========================================
