=========================================
               VMC RUN LOG               
=========================================
Date and time    : 2026-03-26 22:06:25
-----------------------------------------
Hamiltonian      : RepulsiveHO
WaveFunction     : EllipticGaussian
Solver           : MetropolisHastings
-----------------------------------------
preferAnalytic   : true
dimensions (D)   : 3
particles (N)    : 20
omega            : 1
omega_z          : 2.8243
rep_a_factor     : 0
time Step        : 0.1
Equilibr. Steps  : 100000
BFGS MC Steps    : 1000000
Final MC Steps   : 2^23
1bodyDens. Steps : 10000000
1bodyDens. rMax  : 3.5
1bodyDens. nBins : 50
BFGS_tol         : 1e-05
Seed             : 0
=========================================

FinalMC energy: 8.647819322e+01 +- 4.221158825e-03
Acceptance ratio: 8.443881273e-01
FinalMC done (in 8.57985435 s).

Blocking energy: 8.647819322e+01 +- 3.059154555e-02
Blocking analysis done (in 0.948083676 s).

One-body density done (in 2.77194444 s).

=========================================
