=========================================
               VMC RUN LOG               
=========================================
Date and time    : 2026-03-25 12:34:20
-----------------------------------------
Hamiltonian      : HarmonicOscillator
WaveFunction     : SimpleGaussian
Solver           : Metropolis
-----------------------------------------
preferAnalytic   : true
dimensions (D)   : 1
particles (N)    : 1
omega            : 1
omega_z          : 1
rep_a_factor     : 0
time Step        : 2.9
Equilibr. Steps  : 100000
BFGS MC Steps    : 1000000
Final MC Steps   : 2^23
1bodyDens. Steps : 10000000
1bodyDens. rMax  : 3.5
1bodyDens. nBins : 50
BFGS_tol         : 0.0001
Seed             : 0
=========================================

Initial parameters: 0.75, 	Optimal parameters: 0.499961587, 	
VMC Optimization done (in 22.5162723 s).

FinalMC energy: 5.000000632e-01 +- 1.862059606e-08
FinalMC done (in 8.63881022 s).

Blocking energy: 5.000000553e-01 +- 3.950947848e-08
Blocking analysis done (in 1.27840824 s).

One-body density done (in 4.52410885 s).

=========================================
