=========================================
               VMC RUN LOG               
=========================================
Date and time    : 2026-03-25 23:18:12
-----------------------------------------
Hamiltonian      : RepulsiveHO
WaveFunction     : EllipticGaussian
Solver           : MetropolisHastings
-----------------------------------------
preferAnalytic   : true
dimensions (D)   : 3
particles (N)    : 10
omega            : 1
omega_z          : 2.8243
rep_a_factor     : 0
time Step        : 0.08
Equilibr. Steps  : 100000
BFGS MC Steps    : 100000
Final MC Steps   : 2^16
1bodyDens. Steps : 100000
1bodyDens. rMax  : 3.5
1bodyDens. nBins : 50
BFGS_tol         : 1e-05
Seed             : 0
=========================================

Initial parameters: 0.5, 	3, 	
Optimal parameters: 0.486123414, 	2.99763779, 	
VMC Optimization done (in 1.44063574 s).

FinalMC energy: 2.413653902e+01 +- 8.223424429e-04
FinalMC done (in 0.057977744 s).

Blocking energy: 2.413653900e+01 +- 6.013306800e-03
Blocking analysis done (in 0.006802918 s).

One-body density done (in 0.039625007 s).

=========================================
