=========================================
               VMC RUN LOG               
=========================================
Date and time    : 2026-03-25 23:33:43
-----------------------------------------
Hamiltonian      : RepulsiveHO
WaveFunction     : EllipticGaussian
Solver           : MetropolisHastings
-----------------------------------------
preferAnalytic   : true
dimensions (D)   : 3
particles (N)    : 10
omega            : 1
omega_z          : 3.5679
rep_a_factor     : 0
time Step        : 0.1
Equilibr. Steps  : 100000
BFGS MC Steps    : 1000000
Final MC Steps   : 2^23
1bodyDens. Steps : 10000000
1bodyDens. rMax  : 3.5
1bodyDens. nBins : 50
BFGS_tol         : 1e-05
Seed             : 0
=========================================

Initial parameters: 0.5, 	3, 	
Optimal parameters: 0.500015538, 	3.56783277, 	
VMC Optimization done (in 20.0441314 s).

FinalMC energy: 2.783949973e+01 +- 4.849158887e-08
FinalMC done (in 5.82669153 s).

Blocking energy: 2.783949971e+01 +- 4.005778342e-07
Blocking analysis done (in 0.933236569 s).

One-body density done (in 2.48930002 s).

=========================================
