=========================================
               VMC RUN LOG               
=========================================
Date and time    : 2026-03-26 20:47:22
-----------------------------------------
Hamiltonian      : HarmonicOscillator
WaveFunction     : SimpleGaussian
Solver           : Metropolis
-----------------------------------------
preferAnalytic   : true
dimensions (D)   : 1
particles (N)    : 1
omega            : 1
omega_z          : 1
rep_a_factor     : 0.05
time Step        : 4
Equilibr. Steps  : 100000
BFGS MC Steps    : 1000000
Final MC Steps   : 2^23
1bodyDens. Steps : 10000000
1bodyDens. rMax  : 3.5
1bodyDens. nBins : 50
BFGS_tol         : 1e-06
Seed             : 0
=========================================

Initial parameters: 0.75, 	
Optimal parameters: 0.500003248, 	
VMC Optimization done (in 5.67066528 s).

FinalMC energy: 4.999999987e-01 +- 1.481068425e-09
Acceptance ratio: 5.139288902e-01
FinalMC done (in 3.41725952 s).

Blocking energy: 5.000000264e-01 +- 2.885536123e-09
Blocking analysis done (in 1.2321053 s).

One-body density done (in 0.925235237 s).

=========================================
