=========================================
               VMC RUN LOG               
=========================================
Date and time    : 2026-03-26 15:10:09
-----------------------------------------
Hamiltonian      : HarmonicOscillator
WaveFunction     : SimpleGaussian
Solver           : MetropolisHastings
-----------------------------------------
preferAnalytic   : true
dimensions (D)   : 3
particles (N)    : 5
omega            : 1
omega_z          : 1
rep_a_factor     : 0
time Step        : 0.1
Equilibr. Steps  : 100000
BFGS MC Steps    : 1000000
Final MC Steps   : 2^23
1bodyDens. Steps : 10000000
1bodyDens. rMax  : 3.5
1bodyDens. nBins : 50
BFGS_tol         : 1e-05
Seed             : 0
=========================================

FinalMC energy: 7.512788401e+00 +- 5.524121263e-05
Acceptance rate: 9.844666719e-01
FinalMC done (in 6.05498766 s).

Blocking energy: 7.512788401e+00 +- 3.841688487e-04
Blocking analysis done (in 0.953153794 s).

=========================================
