=========================================
               VMC RUN LOG               
=========================================
Date and time    : 2026-03-25 23:05:23
-----------------------------------------
Hamiltonian      : HarmonicOscillator
WaveFunction     : EllipticGaussian
Solver           : MetropolisHastings
-----------------------------------------
preferAnalytic   : true
dimensions (D)   : 3
particles (N)    : 1
omega            : 1
omega_z          : 2.8243
rep_a_factor     : 0
time Step        : 0.08
Equilibr. Steps  : 100000
BFGS MC Steps    : 100000
Final MC Steps   : 2^16
1bodyDens. Steps : 100000
1bodyDens. rMax  : 3.5
1bodyDens. nBins : 50
BFGS_tol         : 1e-05
Seed             : 0
=========================================

Initial parameters: 0.5, 	3, 	
Optimal parameters: 0.500213448, 	0.999203619, 	
VMC Optimization done (in 1.11619263 s).

FinalMC energy: 1.499990841e+00 +- 1.976600901e-06
FinalMC done (in 0.036951961 s).

Blocking energy: 1.499990833e+00 +- 6.467632182e-06
Blocking analysis done (in 0.007230794 s).

One-body density done (in 0.032613014 s).

=========================================
