=========================================
               VMC RUN LOG               
=========================================
Date and time    : 2026-03-26 17:16:40
-----------------------------------------
Hamiltonian      : RepulsiveHO
WaveFunction     : RepEllipticGaussian
Solver           : MetropolisHastings
-----------------------------------------
preferAnalytic   : true
dimensions (D)   : 3
particles (N)    : 3
omega            : 1
omega_z          : 1
rep_a_factor     : 0
time Step        : 1.7
Equilibr. Steps  : 100000
BFGS MC Steps    : 1000000
Final MC Steps   : 2^23
1bodyDens. Steps : 10000000
1bodyDens. rMax  : 3.5
1bodyDens. nBins : 50
BFGS_tol         : 1e-05
Seed             : 0
=========================================

FinalMC energy: 4.787819794e+00 +- 2.662999642e-04
Acceptance ratio: 4.846324921e-01
FinalMC done (in 8.04793825 s).

Blocking energy: 4.787819789e+00 +- 9.594751039e-04
Blocking analysis done (in 0.989092854 s).

=========================================
