=========================================
               VMC RUN LOG               
=========================================
Date and time    : 2026-03-25 12:33:27
-----------------------------------------
Hamiltonian      : HarmonicOscillator
WaveFunction     : SimpleGaussian
Solver           : Metropolis
-----------------------------------------
preferAnalytic   : true
dimensions (D)   : 1
particles (N)    : 1
omega            : 1
omega_z          : 1
rep_a_factor     : 0
time Step        : 2.5
Equilibr. Steps  : 100000
BFGS MC Steps    : 1000000
Final MC Steps   : 2^23
1bodyDens. Steps : 10000000
1bodyDens. rMax  : 3.5
1bodyDens. nBins : 50
BFGS_tol         : 0.0001
Seed             : 0
=========================================

Initial parameters: 0.75, 	Optimal parameters: 0.499847918, 	
VMC Optimization done (in 12.3224207 s).

FinalMC energy: 4.999999435e-01 +- 7.427810487e-08
FinalMC done (in 7.70924932 s).

Blocking energy: 4.999999396e-01 +- 1.697865166e-07
Blocking analysis done (in 1.23172569 s).

One-body density done (in 4.22428663 s).

=========================================
