=========================================
               VMC RUN LOG               
=========================================
Date and time    : 2026-03-26 19:28:35
-----------------------------------------
Hamiltonian      : RepulsiveHO
WaveFunction     : RepEllipticGaussian
Solver           : MetropolisHastings
-----------------------------------------
preferAnalytic   : true
dimensions (D)   : 3
particles (N)    : 3
omega            : 1
omega_z          : 1
rep_a_factor     : 0
time Step        : 0.5
Equilibr. Steps  : 100000
BFGS MC Steps    : 1000000
Final MC Steps   : 2^23
1bodyDens. Steps : 10000000
1bodyDens. rMax  : 3.5
1bodyDens. nBins : 50
BFGS_tol         : 1e-05
Seed             : 0
=========================================

FinalMC energy: 4.806815085e+00 +- 2.687062302e-04
Acceptance ratio: 8.967236280e-01
FinalMC done (in 10.6265668 s).

Blocking energy: 4.806815086e+00 +- 8.473975857e-04
Blocking analysis done (in 1.30829061 s).

=========================================
