=========================================
               VMC RUN LOG               
=========================================
Date and time    : 2026-03-26 15:43:29
-----------------------------------------
Hamiltonian      : HarmonicOscillator
WaveFunction     : SimpleGaussian
Solver           : Metropolis
-----------------------------------------
preferAnalytic   : true
dimensions (D)   : 3
particles (N)    : 5
omega            : 1
omega_z          : 1
rep_a_factor     : 0
time Step        : 1.8
Equilibr. Steps  : 100000
BFGS MC Steps    : 1000000
Final MC Steps   : 2^23
1bodyDens. Steps : 10000000
1bodyDens. rMax  : 3.5
1bodyDens. nBins : 50
BFGS_tol         : 1e-05
Seed             : 0
=========================================

FinalMC energy: 7.982480697e+00 +- 3.438476342e-04
Acceptance ratio: 6.126157045e-01
FinalMC done (in 3.61224871 s).

Blocking energy: 7.982480701e+00 +- 2.867051043e-03
Blocking analysis done (in 1.01899934 s).

=========================================
