=========================================
               VMC RUN LOG               
=========================================
Date and time    : 2026-03-26 22:00:08
-----------------------------------------
Hamiltonian      : RepulsiveHO
WaveFunction     : EllipticGaussian
Solver           : MetropolisHastings
-----------------------------------------
preferAnalytic   : false
dimensions (D)   : 3
particles (N)    : 10
omega            : 1
omega_z          : 2.8243
rep_a_factor     : 0
time Step        : 0.1
Equilibr. Steps  : 100000
BFGS MC Steps    : 1000000
Final MC Steps   : 2^23
1bodyDens. Steps : 10000000
1bodyDens. rMax  : 3.5
1bodyDens. nBins : 50
BFGS_tol         : 1e-05
Seed             : 0
=========================================

Initial parameters: 0.58, 	3, 	
Optimal parameters: 0.499405425, 	2.82643573, 	
VMC Optimization done (in 13.9336722 s).

FinalMC energy: 2.412151379e+01 +- 1.611264453e-06
Acceptance ratio: 9.630031586e-01
FinalMC done (in 5.78298349 s).

Blocking energy: 2.412151379e+01 +- 1.450143638e-05
Blocking analysis done (in 0.942689616 s).

One-body density done (in 2.15128305 s).

=========================================
