=========================================
               VMC RUN LOG               
=========================================
Date and time    : 2026-03-26 15:10:56
-----------------------------------------
Hamiltonian      : HarmonicOscillator
WaveFunction     : SimpleGaussian
Solver           : MetropolisHastings
-----------------------------------------
preferAnalytic   : true
dimensions (D)   : 3
particles (N)    : 5
omega            : 1
omega_z          : 1
rep_a_factor     : 0
time Step        : 1
Equilibr. Steps  : 100000
BFGS MC Steps    : 1000000
Final MC Steps   : 2^23
1bodyDens. Steps : 10000000
1bodyDens. rMax  : 3.5
1bodyDens. nBins : 50
BFGS_tol         : 1e-05
Seed             : 0
=========================================

FinalMC energy: 7.512539721e+00 +- 5.526173460e-05
Acceptance rate: 5.518773794e-01
FinalMC done (in 6.18158569 s).

Blocking energy: 7.512539721e+00 +- 2.374274756e-04
Blocking analysis done (in 0.960713554 s).

=========================================
