=========================================
               VMC RUN LOG               
=========================================
Date and time    : 2026-03-26 17:17:05
-----------------------------------------
Hamiltonian      : RepulsiveHO
WaveFunction     : RepEllipticGaussian
Solver           : MetropolisHastings
-----------------------------------------
preferAnalytic   : true
dimensions (D)   : 3
particles (N)    : 3
omega            : 1
omega_z          : 1
rep_a_factor     : 0
time Step        : 0.5
Equilibr. Steps  : 100000
BFGS MC Steps    : 1000000
Final MC Steps   : 2^23
1bodyDens. Steps : 10000000
1bodyDens. rMax  : 3.5
1bodyDens. nBins : 50
BFGS_tol         : 1e-05
Seed             : 0
=========================================

FinalMC energy: 4.789398685e+00 +- 2.667329356e-04
Acceptance ratio: 9.071192741e-01
FinalMC done (in 8.4264453 s).

Blocking energy: 4.789398687e+00 +- 8.404613435e-04
Blocking analysis done (in 0.985391827 s).

=========================================
