=========================================
               VMC RUN LOG               
=========================================
Date and time    : 2026-03-26 21:02:54
-----------------------------------------
Hamiltonian      : HarmonicOscillator
WaveFunction     : SimpleGaussian
Solver           : Metropolis
-----------------------------------------
preferAnalytic   : true
dimensions (D)   : 3
particles (N)    : 10
omega            : 1
omega_z          : 1
rep_a_factor     : 0
time Step        : 2
Equilibr. Steps  : 100000
BFGS MC Steps    : 1000000
Final MC Steps   : 2^23
1bodyDens. Steps : 10000000
1bodyDens. rMax  : 3.5
1bodyDens. nBins : 50
BFGS_tol         : 1e-05
Seed             : 0
=========================================

Initial parameters: 0.75, 	
