=========================================
               VMC RUN LOG               
=========================================
Date and time    : 2026-03-26 15:18:27
-----------------------------------------
Hamiltonian      : HarmonicOscillator
WaveFunction     : SimpleGaussian
Solver           : MetropolisHastings
-----------------------------------------
preferAnalytic   : true
dimensions (D)   : 3
particles (N)    : 5
omega            : 1
omega_z          : 1
rep_a_factor     : 0
time Step        : 0.3
Equilibr. Steps  : 100000
BFGS MC Steps    : 1000000
Final MC Steps   : 2^23
1bodyDens. Steps : 10000000
1bodyDens. rMax  : 3.5
1bodyDens. nBins : 50
BFGS_tol         : 1e-05
Seed             : 0
=========================================

FinalMC energy: 7.624846721e+00 +- 1.733052282e-04
Acceptance rate: 9.032475948e-01
FinalMC done (in 6.12603816 s).

Blocking energy: 7.624846720e+00 +- 7.118346551e-04
Blocking analysis done (in 0.984942318 s).

=========================================
