=========================================
               VMC RUN LOG               
=========================================
Date and time    : 2026-03-26 17:07:53
-----------------------------------------
Hamiltonian      : RepulsiveHO
WaveFunction     : RepEllipticGaussian
Solver           : Metropolis
-----------------------------------------
preferAnalytic   : true
dimensions (D)   : 3
particles (N)    : 3
omega            : 1
omega_z          : 1
rep_a_factor     : 0
time Step        : 2.4
Equilibr. Steps  : 100000
BFGS MC Steps    : 1000000
Final MC Steps   : 2^23
1bodyDens. Steps : 10000000
1bodyDens. rMax  : 3.5
1bodyDens. nBins : 50
BFGS_tol         : 1e-05
Seed             : 0
=========================================

FinalMC energy: 4.791624591e+00 +- 2.669829626e-04
Acceptance ratio: 5.032706261e-01
FinalMC done (in 5.5632976 s).

Blocking energy: 4.791624591e+00 +- 1.561089320e-03
Blocking analysis done (in 0.962247415 s).

=========================================
