=========================================
               VMC RUN LOG               
=========================================
Date and time    : 2026-03-26 15:40:17
-----------------------------------------
Hamiltonian      : HarmonicOscillator
WaveFunction     : SimpleGaussian
Solver           : MetropolisHastings
-----------------------------------------
preferAnalytic   : true
dimensions (D)   : 3
particles (N)    : 5
omega            : 1
omega_z          : 1
rep_a_factor     : 0
time Step        : 0.2
Equilibr. Steps  : 100000
BFGS MC Steps    : 1000000
Final MC Steps   : 2^23
1bodyDens. Steps : 10000000
1bodyDens. rMax  : 3.5
1bodyDens. nBins : 50
BFGS_tol         : 1e-05
Seed             : 0
=========================================

FinalMC energy: 7.981201323e+00 +- 3.443360416e-04
Acceptance rate: 9.763368368e-01
FinalMC done (in 6.51920075 s).

Blocking energy: 7.981201322e+00 +- 2.091808093e-03
Blocking analysis done (in 1.06156026 s).

=========================================
