=========================================
               VMC RUN LOG               
=========================================
Date and time    : 2026-03-26 15:01:08
-----------------------------------------
Hamiltonian      : HarmonicOscillator
WaveFunction     : SimpleGaussian
Solver           : Metropolis
-----------------------------------------
preferAnalytic   : true
dimensions (D)   : 3
particles (N)    : 5
omega            : 1
omega_z          : 1
rep_a_factor     : 0
time Step        : 1
Equilibr. Steps  : 100000
BFGS MC Steps    : 1000000
Final MC Steps   : 2^23
1bodyDens. Steps : 10000000
1bodyDens. rMax  : 3.5
1bodyDens. nBins : 50
BFGS_tol         : 1e-05
Seed             : 0
=========================================

Initial parameters: 0.75, 	
Optimal parameters: 0.50000057, 	
VMC Optimization done (in 3.95856216 s).

FinalMC energy: 7.499999978e+00 +- 1.537809174e-09
FinalMC done (in 3.37701212 s).

Blocking energy: 7.499999937e+00 +- 2.026215168e-08
Blocking analysis done (in 0.854262383 s).

One-body density done (in 1.08325017 s).

=========================================
