=========================================
               VMC RUN LOG               
=========================================
Date and time    : 2026-03-26 20:35:11
-----------------------------------------
Hamiltonian      : RepulsiveHO
WaveFunction     : RepEllipticGaussian
Solver           : MetropolisHastings
-----------------------------------------
preferAnalytic   : true
dimensions (D)   : 3
particles (N)    : 5
omega            : 1
omega_z          : 1
rep_a_factor     : 0
time Step        : 0.5
Equilibr. Steps  : 100000
BFGS MC Steps    : 1000000
Final MC Steps   : 2^23
1bodyDens. Steps : 10000000
1bodyDens. rMax  : 3.5
1bodyDens. nBins : 50
BFGS_tol         : 1e-05
Seed             : 0
=========================================

FinalMC energy: 1.031055667e+06 +- 2.225538015e+02
Acceptance ratio: 9.270973206e-01
FinalMC done (in 18.5848431 s).

Blocking energy: 1.031055668e+06 +- 2.197806121e+05
Blocking analysis done (in 0.824654852 s).

=========================================
