=========================================
               VMC RUN LOG               
=========================================
Date and time    : 2026-03-26 15:17:33
-----------------------------------------
Hamiltonian      : HarmonicOscillator
WaveFunction     : SimpleGaussian
Solver           : Metropolis
-----------------------------------------
preferAnalytic   : true
dimensions (D)   : 3
particles (N)    : 5
omega            : 1
omega_z          : 1
rep_a_factor     : 0
time Step        : 1.7
Equilibr. Steps  : 100000
BFGS MC Steps    : 1000000
Final MC Steps   : 2^23
1bodyDens. Steps : 10000000
1bodyDens. rMax  : 3.5
1bodyDens. nBins : 50
BFGS_tol         : 1e-05
Seed             : 0
=========================================

FinalMC energy: 7.625008426e+00 +- 1.734761641e-04
Acceptance rate: 5.335592031e-01
FinalMC done (in 3.35383383 s).

Blocking energy: 7.625008428e+00 +- 1.331259515e-03
Blocking analysis done (in 0.950967613 s).

=========================================
