=========================================
               VMC RUN LOG               
=========================================
Date and time    : 2026-03-25 17:07:27
-----------------------------------------
Hamiltonian      : HarmonicOscillator
WaveFunction     : SimpleGaussian
Solver           : MetropolisHastings
-----------------------------------------
preferAnalytic   : true
dimensions (D)   : 3
particles (N)    : 1
omega            : 1
omega_z          : 1
rep_a_factor     : 0
time Step        : 0.3
Equilibr. Steps  : 100000
BFGS MC Steps    : 1000000
Final MC Steps   : 2^23
1bodyDens. Steps : 10000000
1bodyDens. rMax  : 3.5
1bodyDens. nBins : 50
BFGS_tol         : 1e-05
Seed             : 0
=========================================

Initial parameters: 0.75, 	Optimal parameters: 0.500064253, 	
VMC Optimization done (in 136.334979 s).

FinalMC energy: 1.499999922e+00 +- 5.415041451e-08
FinalMC done (in 32.291126 s).

Blocking energy: 1.499999926e+00 +- 9.440744997e-08
Blocking analysis done (in 1.28754303 s).

One-body density done (in 29.8285465 s).

=========================================
