=========================================
               VMC RUN LOG               
=========================================
Date and time    : 2026-03-26 15:40:43
-----------------------------------------
Hamiltonian      : HarmonicOscillator
WaveFunction     : SimpleGaussian
Solver           : MetropolisHastings
-----------------------------------------
preferAnalytic   : true
dimensions (D)   : 3
particles (N)    : 5
omega            : 1
omega_z          : 1
rep_a_factor     : 0
time Step        : 0.2
Equilibr. Steps  : 100000
BFGS MC Steps    : 1000000
Final MC Steps   : 2^23
1bodyDens. Steps : 10000000
1bodyDens. rMax  : 3.5
1bodyDens. nBins : 50
BFGS_tol         : 1e-05
Seed             : 0
=========================================

FinalMC energy: 7.979882638e+00 +- 3.438583609e-04
Acceptance rate: 9.764440060e-01
FinalMC done (in 6.72947061 s).

Blocking energy: 7.979882634e+00 +- 2.048691895e-03
Blocking analysis done (in 1.03491438 s).

=========================================
